{"/home/travis/build/npmtest/node-npmtest-jhipster-uml/test.js":{"path":"/home/travis/build/npmtest/node-npmtest-jhipster-uml/test.js","s":{"1":2,"2":2,"3":2,"4":2,"5":2,"6":2,"7":2,"8":1,"9":2,"10":2,"11":1,"12":1,"13":1,"14":1,"15":2,"16":2,"17":2,"18":2,"19":1,"20":1,"21":2,"22":2,"23":2,"24":1,"25":1,"26":1,"27":1,"28":1,"29":1,"30":1,"31":1,"32":1,"33":1,"34":1,"35":1,"36":1,"37":1,"38":1,"39":2,"40":2,"41":1,"42":2,"43":2,"44":1,"45":2,"46":2,"47":1,"48":2,"49":2,"50":1,"51":1,"52":1,"53":1,"54":1},"b":{"1":[2,1,1,1],"2":[1,1,1,1],"3":[1,1],"4":[1,1],"5":[1,1],"6":[1,1],"7":[1,1],"8":[1,1],"9":[1,1],"10":[1,1,1],"11":[1,1],"12":[1,1],"13":[1,1],"14":[1,1],"15":[1,1],"16":[1,1],"17":[1,1]},"f":{"1":2,"2":2,"3":2,"4":2,"5":2,"6":1,"7":1,"8":1,"9":2,"10":2,"11":2,"12":2,"13":1},"fnMap":{"1":{"name":"(anonymous_1)","line":12,"loc":{"start":{"line":12,"column":1},"end":{"line":12,"column":13}}},"2":{"name":"(anonymous_2)","line":19,"loc":{"start":{"line":19,"column":5},"end":{"line":19,"column":17}}},"3":{"name":"(anonymous_3)","line":23,"loc":{"start":{"line":23,"column":24},"end":{"line":23,"column":36}}},"4":{"name":"(anonymous_4)","line":61,"loc":{"start":{"line":61,"column":5},"end":{"line":61,"column":17}}},"5":{"name":"(anonymous_5)","line":82,"loc":{"start":{"line":82,"column":5},"end":{"line":82,"column":17}}},"6":{"name":"(anonymous_6)","line":91,"loc":{"start":{"line":91,"column":77},"end":{"line":94,"column":10}}},"7":{"name":"(anonymous_7)","line":112,"loc":{"start":{"line":112,"column":83},"end":{"line":115,"column":10}},"skip":true},"8":{"name":"(anonymous_8)","line":123,"loc":{"start":{"line":123,"column":77},"end":{"line":126,"column":10}},"skip":true},"9":{"name":"(anonymous_9)","line":139,"loc":{"start":{"line":139,"column":12},"end":{"line":139,"column":40}},"skip":true},"10":{"name":"(anonymous_10)","line":147,"loc":{"start":{"line":147,"column":77},"end":{"line":150,"column":10}},"skip":true},"11":{"name":"(anonymous_11)","line":158,"loc":{"start":{"line":158,"column":83},"end":{"line":161,"column":10}},"skip":true},"12":{"name":"(anonymous_12)","line":169,"loc":{"start":{"line":169,"column":79},"end":{"line":172,"column":10}},"skip":true},"13":{"name":"(anonymous_13)","line":180,"loc":{"start":{"line":180,"column":75},"end":{"line":183,"column":10}},"skip":true}},"statementMap":{"1":{"start":{"line":12,"column":0},"end":{"line":195,"column":5}},"2":{"start":{"line":14,"column":4},"end":{"line":14,"column":14}},"3":{"start":{"line":19,"column":4},"end":{"line":56,"column":9}},"4":{"start":{"line":21,"column":8},"end":{"line":21,"column":19}},"5":{"start":{"line":23,"column":8},"end":{"line":35,"column":13}},"6":{"start":{"line":24,"column":12},"end":{"line":34,"column":13}},"7":{"start":{"line":25,"column":16},"end":{"line":28,"column":30}},"8":{"start":{"line":30,"column":16},"end":{"line":33,"column":27}},"9":{"start":{"line":37,"column":8},"end":{"line":39,"column":21}},"10":{"start":{"line":40,"column":8},"end":{"line":53,"column":9}},"11":{"start":{"line":43,"column":12},"end":{"line":46,"column":14}},"12":{"start":{"line":47,"column":12},"end":{"line":47,"column":18}},"13":{"start":{"line":50,"column":12},"end":{"line":51,"column":33}},"14":{"start":{"line":52,"column":12},"end":{"line":52,"column":18}},"15":{"start":{"line":55,"column":8},"end":{"line":55,"column":35}},"16":{"start":{"line":61,"column":4},"end":{"line":63,"column":9}},"17":{"start":{"line":62,"column":8},"end":{"line":62,"column":15}},"18":{"start":{"line":64,"column":4},"end":{"line":77,"column":5}},"19":{"start":{"line":70,"column":8},"end":{"line":70,"column":14}},"20":{"start":{"line":76,"column":8},"end":{"line":76,"column":14}},"21":{"start":{"line":82,"column":4},"end":{"line":84,"column":9}},"22":{"start":{"line":83,"column":8},"end":{"line":83,"column":15}},"23":{"start":{"line":85,"column":4},"end":{"line":194,"column":5}},"24":{"start":{"line":91,"column":8},"end":{"line":99,"column":10}},"25":{"start":{"line":98,"column":12},"end":{"line":98,"column":35}},"26":{"start":{"line":102,"column":8},"end":{"line":104,"column":63}},"27":{"start":{"line":105,"column":8},"end":{"line":105,"column":14}},"28":{"start":{"line":112,"column":8},"end":{"line":121,"column":10},"skip":true},"29":{"start":{"line":119,"column":12},"end":{"line":119,"column":55},"skip":true},"30":{"start":{"line":120,"column":12},"end":{"line":120,"column":48},"skip":true},"31":{"start":{"line":123,"column":8},"end":{"line":136,"column":10},"skip":true},"32":{"start":{"line":130,"column":12},"end":{"line":130,"column":76},"skip":true},"33":{"start":{"line":131,"column":12},"end":{"line":131,"column":73},"skip":true},"34":{"start":{"line":132,"column":12},"end":{"line":132,"column":74},"skip":true},"35":{"start":{"line":133,"column":12},"end":{"line":133,"column":79},"skip":true},"36":{"start":{"line":134,"column":12},"end":{"line":134,"column":25},"skip":true},"37":{"start":{"line":135,"column":12},"end":{"line":135,"column":45},"skip":true},"38":{"start":{"line":138,"column":8},"end":{"line":145,"column":14},"skip":true},"39":{"start":{"line":143,"column":16},"end":{"line":143,"column":29},"skip":true},"40":{"start":{"line":144,"column":16},"end":{"line":144,"column":55},"skip":true},"41":{"start":{"line":147,"column":8},"end":{"line":156,"column":10},"skip":true},"42":{"start":{"line":154,"column":12},"end":{"line":154,"column":25},"skip":true},"43":{"start":{"line":155,"column":12},"end":{"line":155,"column":45},"skip":true},"44":{"start":{"line":158,"column":8},"end":{"line":167,"column":10},"skip":true},"45":{"start":{"line":165,"column":12},"end":{"line":165,"column":25},"skip":true},"46":{"start":{"line":166,"column":12},"end":{"line":166,"column":48},"skip":true},"47":{"start":{"line":169,"column":8},"end":{"line":178,"column":10},"skip":true},"48":{"start":{"line":176,"column":12},"end":{"line":176,"column":25},"skip":true},"49":{"start":{"line":177,"column":12},"end":{"line":177,"column":46},"skip":true},"50":{"start":{"line":180,"column":8},"end":{"line":189,"column":10},"skip":true},"51":{"start":{"line":187,"column":12},"end":{"line":187,"column":94},"skip":true},"52":{"start":{"line":188,"column":12},"end":{"line":188,"column":48},"skip":true},"53":{"start":{"line":192,"column":8},"end":{"line":192,"column":35},"skip":true},"54":{"start":{"line":193,"column":8},"end":{"line":193,"column":14},"skip":true}},"branchMap":{"1":{"line":25,"type":"binary-expr","locations":[{"start":{"line":25,"column":23},"end":{"line":25,"column":62}},{"start":{"line":26,"column":20},"end":{"line":26,"column":70}},{"start":{"line":27,"column":20},"end":{"line":27,"column":71}},{"start":{"line":28,"column":20},"end":{"line":28,"column":29}}]},"2":{"line":30,"type":"binary-expr","locations":[{"start":{"line":30,"column":23},"end":{"line":30,"column":37}},{"start":{"line":31,"column":20},"end":{"line":31,"column":61}},{"start":{"line":32,"column":20},"end":{"line":32,"column":70}},{"start":{"line":33,"column":20},"end":{"line":33,"column":26}}]},"3":{"line":37,"type":"cond-expr","locations":[{"start":{"line":38,"column":14},"end":{"line":38,"column":20}},{"start":{"line":39,"column":14},"end":{"line":39,"column":20}}]},"4":{"line":40,"type":"switch","locations":[{"start":{"line":42,"column":8},"end":{"line":47,"column":18}},{"start":{"line":49,"column":8},"end":{"line":52,"column":18}}]},"5":{"line":44,"type":"binary-expr","locations":[{"start":{"line":44,"column":16},"end":{"line":44,"column":44}},{"start":{"line":44,"column":48},"end":{"line":44,"column":66}}]},"6":{"line":50,"type":"binary-expr","locations":[{"start":{"line":50,"column":21},"end":{"line":50,"column":49}},{"start":{"line":50,"column":53},"end":{"line":50,"column":72}}]},"7":{"line":64,"type":"switch","locations":[{"start":{"line":69,"column":4},"end":{"line":70,"column":14}},{"start":{"line":75,"column":4},"end":{"line":76,"column":14}}]},"8":{"line":85,"type":"switch","locations":[{"start":{"line":90,"column":4},"end":{"line":105,"column":14}},{"start":{"line":111,"column":4},"end":{"line":193,"column":14},"skip":true}]},"9":{"line":91,"type":"binary-expr","locations":[{"start":{"line":91,"column":42},"end":{"line":91,"column":73}},{"start":{"line":91,"column":77},"end":{"line":99,"column":9}}]},"10":{"line":102,"type":"binary-expr","locations":[{"start":{"line":102,"column":18},"end":{"line":102,"column":32}},{"start":{"line":103,"column":12},"end":{"line":103,"column":53}},{"start":{"line":104,"column":12},"end":{"line":104,"column":61}}]},"11":{"line":112,"type":"binary-expr","locations":[{"start":{"line":112,"column":45},"end":{"line":112,"column":79},"skip":true},{"start":{"line":112,"column":83},"end":{"line":121,"column":9},"skip":true}]},"12":{"line":123,"type":"binary-expr","locations":[{"start":{"line":123,"column":42},"end":{"line":123,"column":73},"skip":true},{"start":{"line":123,"column":77},"end":{"line":136,"column":9},"skip":true}]},"13":{"line":138,"type":"binary-expr","locations":[{"start":{"line":138,"column":48},"end":{"line":138,"column":85},"skip":true},{"start":{"line":139,"column":12},"end":{"line":145,"column":13},"skip":true}]},"14":{"line":147,"type":"binary-expr","locations":[{"start":{"line":147,"column":42},"end":{"line":147,"column":73},"skip":true},{"start":{"line":147,"column":77},"end":{"line":156,"column":9},"skip":true}]},"15":{"line":158,"type":"binary-expr","locations":[{"start":{"line":158,"column":45},"end":{"line":158,"column":79},"skip":true},{"start":{"line":158,"column":83},"end":{"line":167,"column":9},"skip":true}]},"16":{"line":169,"type":"binary-expr","locations":[{"start":{"line":169,"column":43},"end":{"line":169,"column":75},"skip":true},{"start":{"line":169,"column":79},"end":{"line":178,"column":9},"skip":true}]},"17":{"line":180,"type":"binary-expr","locations":[{"start":{"line":180,"column":41},"end":{"line":180,"column":71},"skip":true},{"start":{"line":180,"column":75},"end":{"line":189,"column":9},"skip":true}]}},"code":["/* istanbul instrument in package npmtest_jhipster_uml */","/*jslint","    bitwise: true,","    browser: true,","    maxerr: 8,","    maxlen: 96,","    node: true,","    nomen: true,","    regexp: true,","    stupid: true","*/","(function () {","    'use strict';","    var local;","","","","    // run shared js-env code - pre-init","    (function () {","        // init local","        local = {};","        // init modeJs","        local.modeJs = (function () {","            try {","                return typeof navigator.userAgent === 'string' &&","                    typeof document.querySelector('body') === 'object' &&","                    typeof XMLHttpRequest.prototype.open === 'function' &&","                    'browser';","            } catch (errorCaughtBrowser) {","                return module.exports &&","                    typeof process.versions.node === 'string' &&","                    typeof require('http').createServer === 'function' &&","                    'node';","            }","        }());","        // init global","        local.global = local.modeJs === 'browser'","            ? window","            : global;","        switch (local.modeJs) {","        // re-init local from window.local","        case 'browser':","            local = local.global.utility2.objectSetDefault(","                local.global.utility2_rollup || local.global.local,","                local.global.utility2","            );","            break;","        // re-init local from example.js","        case 'node':","            local = (local.global.utility2_rollup || require('utility2'))","                .requireReadme();","            break;","        }","        // export local","        local.global.local = local;","    }());","","","","    // run shared js-env code - function","    (function () {","        return;","    }());","    switch (local.modeJs) {","","","","    // run browser js-env code - function","    case 'browser':","        break;","","","","    // run node js-env code - function","    case 'node':","        break;","    }","","","","    // run shared js-env code - post-init","    (function () {","        return;","    }());","    switch (local.modeJs) {","","","","    // run browser js-env code - post-init","    case 'browser':","        local.testCase_browser_nullCase = local.testCase_browser_nullCase || function (","            options,","            onError","        ) {","        /*","         * this function will test browsers's null-case handling-behavior-behavior","         */","            onError(null, options);","        };","","        // run tests","        local.nop(local.modeTest &&","            document.querySelector('#testRunButton1') &&","            document.querySelector('#testRunButton1').click());","        break;","","","","    // run node js-env code - post-init","    /* istanbul ignore next */","    case 'node':","        local.testCase_buildApidoc_default = local.testCase_buildApidoc_default || function (","            options,","            onError","        ) {","        /*","         * this function will test buildApidoc's default handling-behavior-behavior","         */","            options = { modulePathList: module.paths };","            local.buildApidoc(options, onError);","        };","","        local.testCase_buildApp_default = local.testCase_buildApp_default || function (","            options,","            onError","        ) {","        /*","         * this function will test buildApp's default handling-behavior-behavior","         */","            local.testCase_buildReadme_default(options, local.onErrorThrow);","            local.testCase_buildLib_default(options, local.onErrorThrow);","            local.testCase_buildTest_default(options, local.onErrorThrow);","            local.testCase_buildCustomOrg_default(options, local.onErrorThrow);","            options = [];","            local.buildApp(options, onError);","        };","","        local.testCase_buildCustomOrg_default = local.testCase_buildCustomOrg_default ||","            function (options, onError) {","            /*","             * this function will test buildCustomOrg's default handling-behavior","             */","                options = {};","                local.buildCustomOrg(options, onError);","            };","","        local.testCase_buildLib_default = local.testCase_buildLib_default || function (","            options,","            onError","        ) {","        /*","         * this function will test buildLib's default handling-behavior","         */","            options = {};","            local.buildLib(options, onError);","        };","","        local.testCase_buildReadme_default = local.testCase_buildReadme_default || function (","            options,","            onError","        ) {","        /*","         * this function will test buildReadme's default handling-behavior-behavior","         */","            options = {};","            local.buildReadme(options, onError);","        };","","        local.testCase_buildTest_default = local.testCase_buildTest_default || function (","            options,","            onError","        ) {","        /*","         * this function will test buildTest's default handling-behavior","         */","            options = {};","            local.buildTest(options, onError);","        };","","        local.testCase_webpage_default = local.testCase_webpage_default || function (","            options,","            onError","        ) {","        /*","         * this function will test webpage's default handling-behavior","         */","            options = { modeCoverageMerge: true, url: local.serverLocalHost + '?modeTest=1' };","            local.browserTest(options, onError);","        };","","        // run test-server","        local.testRunServer(local);","        break;","    }","}());",""],"l":{"12":2,"14":2,"19":2,"21":2,"23":2,"24":2,"25":2,"30":1,"37":2,"40":2,"43":1,"47":1,"50":1,"52":1,"55":2,"61":2,"62":2,"64":2,"70":1,"76":1,"82":2,"83":2,"85":2,"91":1,"98":1,"102":1,"105":1,"112":1,"119":1,"120":1,"123":1,"130":1,"131":1,"132":1,"133":1,"134":1,"135":1,"138":1,"143":2,"144":2,"147":1,"154":2,"155":2,"158":1,"165":2,"166":2,"169":1,"176":2,"177":2,"180":1,"187":1,"188":1,"192":1,"193":1}},"/home/travis/build/npmtest/node-npmtest-jhipster-uml/lib.npmtest_jhipster_uml.js":{"path":"/home/travis/build/npmtest/node-npmtest-jhipster-uml/lib.npmtest_jhipster_uml.js","s":{"1":2,"2":2,"3":2,"4":2,"5":2,"6":2,"7":2,"8":1,"9":2,"10":2,"11":2,"12":2,"13":1,"14":1,"15":1,"16":1},"b":{"1":[2,1,1,1],"2":[1,1,1,1],"3":[1,1],"4":[2,2],"5":[1,1]},"f":{"1":2,"2":2,"3":2},"fnMap":{"1":{"name":"(anonymous_1)","line":12,"loc":{"start":{"line":12,"column":1},"end":{"line":12,"column":13}}},"2":{"name":"(anonymous_2)","line":19,"loc":{"start":{"line":19,"column":5},"end":{"line":19,"column":17}}},"3":{"name":"(anonymous_3)","line":23,"loc":{"start":{"line":23,"column":24},"end":{"line":23,"column":36}}}},"statementMap":{"1":{"start":{"line":12,"column":0},"end":{"line":53,"column":5}},"2":{"start":{"line":14,"column":4},"end":{"line":14,"column":14}},"3":{"start":{"line":19,"column":4},"end":{"line":52,"column":9}},"4":{"start":{"line":21,"column":8},"end":{"line":21,"column":19}},"5":{"start":{"line":23,"column":8},"end":{"line":35,"column":13}},"6":{"start":{"line":24,"column":12},"end":{"line":34,"column":13}},"7":{"start":{"line":25,"column":16},"end":{"line":28,"column":30}},"8":{"start":{"line":30,"column":16},"end":{"line":33,"column":27}},"9":{"start":{"line":37,"column":8},"end":{"line":39,"column":21}},"10":{"start":{"line":41,"column":8},"end":{"line":41,"column":54}},"11":{"start":{"line":43,"column":8},"end":{"line":43,"column":57}},"12":{"start":{"line":45,"column":8},"end":{"line":51,"column":9}},"13":{"start":{"line":46,"column":12},"end":{"line":46,"column":63}},"14":{"start":{"line":48,"column":12},"end":{"line":48,"column":35}},"15":{"start":{"line":49,"column":12},"end":{"line":49,"column":49}},"16":{"start":{"line":50,"column":12},"end":{"line":50,"column":43}}},"branchMap":{"1":{"line":25,"type":"binary-expr","locations":[{"start":{"line":25,"column":23},"end":{"line":25,"column":62}},{"start":{"line":26,"column":20},"end":{"line":26,"column":70}},{"start":{"line":27,"column":20},"end":{"line":27,"column":71}},{"start":{"line":28,"column":20},"end":{"line":28,"column":29}}]},"2":{"line":30,"type":"binary-expr","locations":[{"start":{"line":30,"column":23},"end":{"line":30,"column":37}},{"start":{"line":31,"column":20},"end":{"line":31,"column":61}},{"start":{"line":32,"column":20},"end":{"line":32,"column":70}},{"start":{"line":33,"column":20},"end":{"line":33,"column":26}}]},"3":{"line":37,"type":"cond-expr","locations":[{"start":{"line":38,"column":14},"end":{"line":38,"column":20}},{"start":{"line":39,"column":14},"end":{"line":39,"column":20}}]},"4":{"line":41,"type":"binary-expr","locations":[{"start":{"line":41,"column":16},"end":{"line":41,"column":44}},{"start":{"line":41,"column":48},"end":{"line":41,"column":53}}]},"5":{"line":45,"type":"if","locations":[{"start":{"line":45,"column":8},"end":{"line":45,"column":8}},{"start":{"line":45,"column":8},"end":{"line":45,"column":8}}]}},"code":["/* istanbul instrument in package npmtest_jhipster_uml */","/*jslint","    bitwise: true,","    browser: true,","    maxerr: 8,","    maxlen: 96,","    node: true,","    nomen: true,","    regexp: true,","    stupid: true","*/","(function () {","    'use strict';","    var local;","","","","    // run shared js-env code - pre-init","    (function () {","        // init local","        local = {};","        // init modeJs","        local.modeJs = (function () {","            try {","                return typeof navigator.userAgent === 'string' &&","                    typeof document.querySelector('body') === 'object' &&","                    typeof XMLHttpRequest.prototype.open === 'function' &&","                    'browser';","            } catch (errorCaughtBrowser) {","                return module.exports &&","                    typeof process.versions.node === 'string' &&","                    typeof require('http').createServer === 'function' &&","                    'node';","            }","        }());","        // init global","        local.global = local.modeJs === 'browser'","            ? window","            : global;","        // init utility2_rollup","        local = local.global.utility2_rollup || local;","        // init lib","        local.local = local.npmtest_jhipster_uml = local;","        // init exports","        if (local.modeJs === 'browser') {","            local.global.utility2_npmtest_jhipster_uml = local;","        } else {","            module.exports = local;","            module.exports.__dirname = __dirname;","            module.exports.module = module;","        }","    }());","}());",""],"l":{"12":2,"14":2,"19":2,"21":2,"23":2,"24":2,"25":2,"30":1,"37":2,"41":2,"43":2,"45":2,"46":1,"48":1,"49":1,"50":1}},"/home/travis/build/npmtest/node-npmtest-jhipster-uml/example.js":{"path":"/home/travis/build/npmtest/node-npmtest-jhipster-uml/example.js","s":{"1":2,"2":2,"3":2,"4":2,"5":2,"6":2,"7":2,"8":1,"9":2,"10":2,"11":2,"12":2,"13":1,"14":2,"15":2,"16":2,"17":2,"18":2,"19":0,"20":2,"21":1,"22":1,"23":1,"24":1,"25":1,"26":0,"27":0,"28":1,"29":1,"30":2,"31":0,"32":0,"33":0,"34":1,"35":2,"36":2,"37":3,"38":3,"39":3,"40":3,"41":0,"42":3,"43":3,"44":3,"45":1,"46":3,"47":1,"48":1,"49":1,"50":1,"51":1,"52":1,"53":1,"54":1,"55":1,"56":1,"57":0,"58":1,"59":6,"60":6,"61":1,"62":2,"63":0,"64":2,"65":1,"66":1,"67":0,"68":0,"69":0,"70":0,"71":0,"72":0,"73":0,"74":0,"75":0,"76":0,"77":0,"78":0,"79":0,"80":0,"81":0,"82":0,"83":0},"b":{"1":[2,1,1,1],"2":[1,1,1,1],"3":[1,1],"4":[2,2],"5":[1,1],"6":[1,1],"7":[2,0],"8":[2,1,1,1,1,1],"9":[0,2,0],"10":[1,1],"11":[2,1,1],"12":[1,0],"13":[0,2],"14":[2,0,0,0,0,0,0],"15":[0,3],"16":[3,0],"17":[1,1],"18":[0,1],"19":[1,2,0,2],"20":[1,0],"21":[1,1],"22":[0,0],"23":[0,0],"24":[0,0],"25":[0,0],"26":[0,0],"27":[0,0],"28":[0,0]},"f":{"1":2,"2":2,"3":2,"4":2,"5":2,"6":2,"7":3,"8":3,"9":3,"10":1,"11":6,"12":0},"fnMap":{"1":{"name":"(anonymous_1)","line":26,"loc":{"start":{"line":26,"column":1},"end":{"line":26,"column":13}}},"2":{"name":"(anonymous_2)","line":33,"loc":{"start":{"line":33,"column":5},"end":{"line":33,"column":17}}},"3":{"name":"(anonymous_3)","line":37,"loc":{"start":{"line":37,"column":24},"end":{"line":37,"column":36}}},"4":{"name":"(anonymous_4)","line":69,"loc":{"start":{"line":69,"column":31},"end":{"line":69,"column":48}},"skip":true},"5":{"name":"(anonymous_5)","line":78,"loc":{"start":{"line":78,"column":26},"end":{"line":78,"column":45}},"skip":true},"6":{"name":"(anonymous_6)","line":123,"loc":{"start":{"line":123,"column":33},"end":{"line":123,"column":48}},"skip":true},"7":{"name":"(anonymous_7)","line":125,"loc":{"start":{"line":125,"column":27},"end":{"line":125,"column":39}},"skip":true},"8":{"name":"(anonymous_8)","line":133,"loc":{"start":{"line":133,"column":59},"end":{"line":133,"column":74}},"skip":true},"9":{"name":"(anonymous_9)","line":143,"loc":{"start":{"line":143,"column":45},"end":{"line":143,"column":62}},"skip":true},"10":{"name":"(anonymous_10)","line":144,"loc":{"start":{"line":144,"column":73},"end":{"line":144,"column":92}},"skip":true},"11":{"name":"(anonymous_11)","line":272,"loc":{"start":{"line":272,"column":51},"end":{"line":272,"column":77}},"skip":true},"12":{"name":"(anonymous_12)","line":315,"loc":{"start":{"line":315,"column":32},"end":{"line":315,"column":61}},"skip":true}},"statementMap":{"1":{"start":{"line":26,"column":0},"end":{"line":326,"column":5}},"2":{"start":{"line":28,"column":4},"end":{"line":28,"column":14}},"3":{"start":{"line":33,"column":4},"end":{"line":60,"column":9}},"4":{"start":{"line":35,"column":8},"end":{"line":35,"column":19}},"5":{"start":{"line":37,"column":8},"end":{"line":49,"column":13}},"6":{"start":{"line":38,"column":12},"end":{"line":48,"column":13}},"7":{"start":{"line":39,"column":16},"end":{"line":42,"column":30}},"8":{"start":{"line":44,"column":16},"end":{"line":47,"column":27}},"9":{"start":{"line":51,"column":8},"end":{"line":53,"column":21}},"10":{"start":{"line":55,"column":8},"end":{"line":57,"column":45}},"11":{"start":{"line":59,"column":8},"end":{"line":59,"column":35}},"12":{"start":{"line":61,"column":4},"end":{"line":325,"column":5}},"13":{"start":{"line":69,"column":8},"end":{"line":121,"column":10},"skip":true},"14":{"start":{"line":70,"column":12},"end":{"line":88,"column":13},"skip":true},"15":{"start":{"line":76,"column":16},"end":{"line":87,"column":19},"skip":true},"16":{"start":{"line":79,"column":20},"end":{"line":86,"column":21},"skip":true},"17":{"start":{"line":82,"column":24},"end":{"line":82,"column":43},"skip":true},"18":{"start":{"line":83,"column":24},"end":{"line":83,"column":30},"skip":true},"19":{"start":{"line":85,"column":24},"end":{"line":85,"column":49},"skip":true},"20":{"start":{"line":89,"column":12},"end":{"line":107,"column":13},"skip":true},"21":{"start":{"line":92,"column":16},"end":{"line":102,"column":17},"skip":true},"22":{"start":{"line":93,"column":20},"end":{"line":93,"column":86},"skip":true},"23":{"start":{"line":94,"column":20},"end":{"line":95,"column":45},"skip":true},"24":{"start":{"line":96,"column":20},"end":{"line":96,"column":42},"skip":true},"25":{"start":{"line":97,"column":20},"end":{"line":97,"column":48},"skip":true},"26":{"start":{"line":100,"column":20},"end":{"line":100,"column":85},"skip":true},"27":{"start":{"line":101,"column":20},"end":{"line":101,"column":96},"skip":true},"28":{"start":{"line":103,"column":16},"end":{"line":103,"column":22},"skip":true},"29":{"start":{"line":106,"column":16},"end":{"line":106,"column":22},"skip":true},"30":{"start":{"line":108,"column":12},"end":{"line":120,"column":13},"skip":true},"31":{"start":{"line":114,"column":16},"end":{"line":119,"column":17},"skip":true},"32":{"start":{"line":116,"column":20},"end":{"line":116,"column":78},"skip":true},"33":{"start":{"line":118,"column":20},"end":{"line":118,"column":47},"skip":true},"34":{"start":{"line":123,"column":8},"end":{"line":141,"column":11},"skip":true},"35":{"start":{"line":124,"column":12},"end":{"line":124,"column":54},"skip":true},"36":{"start":{"line":125,"column":12},"end":{"line":140,"column":14},"skip":true},"37":{"start":{"line":126,"column":16},"end":{"line":126,"column":28},"skip":true},"38":{"start":{"line":127,"column":16},"end":{"line":127,"column":69},"skip":true},"39":{"start":{"line":128,"column":16},"end":{"line":128,"column":75},"skip":true},"40":{"start":{"line":129,"column":16},"end":{"line":131,"column":17},"skip":true},"41":{"start":{"line":130,"column":20},"end":{"line":130,"column":27},"skip":true},"42":{"start":{"line":133,"column":16},"end":{"line":137,"column":36},"skip":true},"43":{"start":{"line":134,"column":20},"end":{"line":136,"column":55},"skip":true},"44":{"start":{"line":139,"column":16},"end":{"line":139,"column":57},"skip":true},"45":{"start":{"line":143,"column":8},"end":{"line":147,"column":11},"skip":true},"46":{"start":{"line":144,"column":12},"end":{"line":146,"column":15},"skip":true},"47":{"start":{"line":145,"column":16},"end":{"line":145,"column":70},"skip":true},"48":{"start":{"line":149,"column":8},"end":{"line":149,"column":31},"skip":true},"49":{"start":{"line":150,"column":8},"end":{"line":150,"column":14},"skip":true},"50":{"start":{"line":158,"column":8},"end":{"line":158,"column":31},"skip":true},"51":{"start":{"line":160,"column":8},"end":{"line":160,"column":33},"skip":true},"52":{"start":{"line":161,"column":8},"end":{"line":161,"column":37},"skip":true},"53":{"start":{"line":162,"column":8},"end":{"line":162,"column":35},"skip":true},"54":{"start":{"line":164,"column":8},"end":{"line":164,"column":50},"skip":true},"55":{"start":{"line":166,"column":8},"end":{"line":256,"column":2},"skip":true},"56":{"start":{"line":258,"column":8},"end":{"line":286,"column":9},"skip":true},"57":{"start":{"line":259,"column":12},"end":{"line":269,"column":14},"skip":true},"58":{"start":{"line":271,"column":12},"end":{"line":285,"column":19},"skip":true},"59":{"start":{"line":274,"column":20},"end":{"line":274,"column":35},"skip":true},"60":{"start":{"line":275,"column":20},"end":{"line":284,"column":21},"skip":true},"61":{"start":{"line":277,"column":24},"end":{"line":277,"column":64},"skip":true},"62":{"start":{"line":279,"column":24},"end":{"line":279,"column":40},"skip":true},"63":{"start":{"line":281,"column":24},"end":{"line":281,"column":40},"skip":true},"64":{"start":{"line":283,"column":24},"end":{"line":283,"column":39},"skip":true},"65":{"start":{"line":288,"column":8},"end":{"line":290,"column":9},"skip":true},"66":{"start":{"line":289,"column":12},"end":{"line":289,"column":18},"skip":true},"67":{"start":{"line":291,"column":8},"end":{"line":293,"column":54},"skip":true},"68":{"start":{"line":296,"column":8},"end":{"line":301,"column":37},"skip":true},"69":{"start":{"line":303,"column":8},"end":{"line":303,"column":82},"skip":true},"70":{"start":{"line":306,"column":8},"end":{"line":308,"column":9},"skip":true},"71":{"start":{"line":307,"column":12},"end":{"line":307,"column":82},"skip":true},"72":{"start":{"line":310,"column":8},"end":{"line":312,"column":9},"skip":true},"73":{"start":{"line":311,"column":12},"end":{"line":311,"column":18},"skip":true},"74":{"start":{"line":313,"column":8},"end":{"line":313,"column":54},"skip":true},"75":{"start":{"line":314,"column":8},"end":{"line":314,"column":69},"skip":true},"76":{"start":{"line":315,"column":8},"end":{"line":323,"column":36},"skip":true},"77":{"start":{"line":316,"column":12},"end":{"line":316,"column":61},"skip":true},"78":{"start":{"line":317,"column":12},"end":{"line":320,"column":13},"skip":true},"79":{"start":{"line":318,"column":16},"end":{"line":318,"column":75},"skip":true},"80":{"start":{"line":319,"column":16},"end":{"line":319,"column":23},"skip":true},"81":{"start":{"line":321,"column":12},"end":{"line":321,"column":38},"skip":true},"82":{"start":{"line":322,"column":12},"end":{"line":322,"column":27},"skip":true},"83":{"start":{"line":324,"column":8},"end":{"line":324,"column":14},"skip":true}},"branchMap":{"1":{"line":39,"type":"binary-expr","locations":[{"start":{"line":39,"column":23},"end":{"line":39,"column":62}},{"start":{"line":40,"column":20},"end":{"line":40,"column":70}},{"start":{"line":41,"column":20},"end":{"line":41,"column":71}},{"start":{"line":42,"column":20},"end":{"line":42,"column":29}}]},"2":{"line":44,"type":"binary-expr","locations":[{"start":{"line":44,"column":23},"end":{"line":44,"column":37}},{"start":{"line":45,"column":20},"end":{"line":45,"column":61}},{"start":{"line":46,"column":20},"end":{"line":46,"column":70}},{"start":{"line":47,"column":20},"end":{"line":47,"column":26}}]},"3":{"line":51,"type":"cond-expr","locations":[{"start":{"line":52,"column":14},"end":{"line":52,"column":20}},{"start":{"line":53,"column":14},"end":{"line":53,"column":20}}]},"4":{"line":55,"type":"binary-expr","locations":[{"start":{"line":55,"column":16},"end":{"line":55,"column":44}},{"start":{"line":55,"column":49},"end":{"line":57,"column":43}}]},"5":{"line":55,"type":"cond-expr","locations":[{"start":{"line":56,"column":14},"end":{"line":56,"column":56}},{"start":{"line":57,"column":14},"end":{"line":57,"column":43}}]},"6":{"line":61,"type":"switch","locations":[{"start":{"line":68,"column":4},"end":{"line":150,"column":14},"skip":true},{"start":{"line":156,"column":4},"end":{"line":324,"column":14},"skip":true}]},"7":{"line":70,"type":"if","locations":[{"start":{"line":70,"column":12},"end":{"line":70,"column":12},"skip":true},{"start":{"line":70,"column":12},"end":{"line":70,"column":12},"skip":true}]},"8":{"line":70,"type":"binary-expr","locations":[{"start":{"line":70,"column":16},"end":{"line":70,"column":22},"skip":true},{"start":{"line":70,"column":27},"end":{"line":70,"column":32},"skip":true},{"start":{"line":71,"column":20},"end":{"line":71,"column":39},"skip":true},{"start":{"line":72,"column":20},"end":{"line":72,"column":49},"skip":true},{"start":{"line":73,"column":20},"end":{"line":73,"column":58},"skip":true},{"start":{"line":74,"column":20},"end":{"line":74,"column":69},"skip":true}]},"9":{"line":79,"type":"switch","locations":[{"start":{"line":80,"column":20},"end":{"line":80,"column":33},"skip":true},{"start":{"line":81,"column":20},"end":{"line":83,"column":30},"skip":true},{"start":{"line":84,"column":20},"end":{"line":85,"column":49},"skip":true}]},"10":{"line":89,"type":"switch","locations":[{"start":{"line":90,"column":12},"end":{"line":103,"column":22},"skip":true},{"start":{"line":105,"column":12},"end":{"line":106,"column":22},"skip":true}]},"11":{"line":89,"type":"binary-expr","locations":[{"start":{"line":89,"column":20},"end":{"line":89,"column":25},"skip":true},{"start":{"line":89,"column":29},"end":{"line":89,"column":48},"skip":true},{"start":{"line":89,"column":52},"end":{"line":89,"column":74},"skip":true}]},"12":{"line":92,"type":"if","locations":[{"start":{"line":92,"column":16},"end":{"line":92,"column":16},"skip":true},{"start":{"line":92,"column":16},"end":{"line":92,"column":16},"skip":true}]},"13":{"line":108,"type":"if","locations":[{"start":{"line":108,"column":12},"end":{"line":108,"column":12},"skip":true},{"start":{"line":108,"column":12},"end":{"line":108,"column":12},"skip":true}]},"14":{"line":108,"type":"binary-expr","locations":[{"start":{"line":108,"column":16},"end":{"line":108,"column":61},"skip":true},{"start":{"line":108,"column":66},"end":{"line":108,"column":72},"skip":true},{"start":{"line":108,"column":77},"end":{"line":108,"column":82},"skip":true},{"start":{"line":109,"column":20},"end":{"line":109,"column":39},"skip":true},{"start":{"line":110,"column":20},"end":{"line":110,"column":49},"skip":true},{"start":{"line":111,"column":20},"end":{"line":111,"column":58},"skip":true},{"start":{"line":112,"column":20},"end":{"line":112,"column":68},"skip":true}]},"15":{"line":129,"type":"if","locations":[{"start":{"line":129,"column":16},"end":{"line":129,"column":16},"skip":true},{"start":{"line":129,"column":16},"end":{"line":129,"column":16},"skip":true}]},"16":{"line":134,"type":"cond-expr","locations":[{"start":{"line":135,"column":26},"end":{"line":135,"column":29},"skip":true},{"start":{"line":136,"column":26},"end":{"line":136,"column":54},"skip":true}]},"17":{"line":164,"type":"binary-expr","locations":[{"start":{"line":164,"column":27},"end":{"line":164,"column":43},"skip":true},{"start":{"line":164,"column":47},"end":{"line":164,"column":49},"skip":true}]},"18":{"line":258,"type":"if","locations":[{"start":{"line":258,"column":8},"end":{"line":258,"column":8},"skip":true},{"start":{"line":258,"column":8},"end":{"line":258,"column":8},"skip":true}]},"19":{"line":275,"type":"switch","locations":[{"start":{"line":276,"column":20},"end":{"line":277,"column":64},"skip":true},{"start":{"line":278,"column":20},"end":{"line":279,"column":40},"skip":true},{"start":{"line":280,"column":20},"end":{"line":281,"column":40},"skip":true},{"start":{"line":282,"column":20},"end":{"line":283,"column":39},"skip":true}]},"20":{"line":288,"type":"if","locations":[{"start":{"line":288,"column":8},"end":{"line":288,"column":8},"skip":true},{"start":{"line":288,"column":8},"end":{"line":288,"column":8},"skip":true}]},"21":{"line":288,"type":"binary-expr","locations":[{"start":{"line":288,"column":12},"end":{"line":288,"column":40},"skip":true},{"start":{"line":288,"column":44},"end":{"line":288,"column":67},"skip":true}]},"22":{"line":292,"type":"binary-expr","locations":[{"start":{"line":292,"column":12},"end":{"line":292,"column":50},"skip":true},{"start":{"line":293,"column":12},"end":{"line":293,"column":53},"skip":true}]},"23":{"line":297,"type":"binary-expr","locations":[{"start":{"line":297,"column":12},"end":{"line":297,"column":70},"skip":true},{"start":{"line":298,"column":12},"end":{"line":301,"column":36},"skip":true}]},"24":{"line":303,"type":"binary-expr","locations":[{"start":{"line":303,"column":43},"end":{"line":303,"column":75},"skip":true},{"start":{"line":303,"column":79},"end":{"line":303,"column":81},"skip":true}]},"25":{"line":306,"type":"if","locations":[{"start":{"line":306,"column":8},"end":{"line":306,"column":8},"skip":true},{"start":{"line":306,"column":8},"end":{"line":306,"column":8},"skip":true}]},"26":{"line":310,"type":"if","locations":[{"start":{"line":310,"column":8},"end":{"line":310,"column":8},"skip":true},{"start":{"line":310,"column":8},"end":{"line":310,"column":8},"skip":true}]},"27":{"line":313,"type":"binary-expr","locations":[{"start":{"line":313,"column":27},"end":{"line":313,"column":43},"skip":true},{"start":{"line":313,"column":47},"end":{"line":313,"column":53},"skip":true}]},"28":{"line":317,"type":"if","locations":[{"start":{"line":317,"column":12},"end":{"line":317,"column":12},"skip":true},{"start":{"line":317,"column":12},"end":{"line":317,"column":12},"skip":true}]}},"code":["/*","example.js","","quickstart example","","instruction","    1. save this script as example.js","    2. run the shell command:","        $ npm install npmtest-jhipster-uml && PORT=8081 node example.js","    3. play with the browser-demo on http://127.0.0.1:8081","*/","","","","/* istanbul instrument in package npmtest_jhipster_uml */","/*jslint","    bitwise: true,","    browser: true,","    maxerr: 8,","    maxlen: 96,","    node: true,","    nomen: true,","    regexp: true,","    stupid: true","*/","(function () {","    'use strict';","    var local;","","","","    // run shared js-env code - pre-init","    (function () {","        // init local","        local = {};","        // init modeJs","        local.modeJs = (function () {","            try {","                return typeof navigator.userAgent === 'string' &&","                    typeof document.querySelector('body') === 'object' &&","                    typeof XMLHttpRequest.prototype.open === 'function' &&","                    'browser';","            } catch (errorCaughtBrowser) {","                return module.exports &&","                    typeof process.versions.node === 'string' &&","                    typeof require('http').createServer === 'function' &&","                    'node';","            }","        }());","        // init global","        local.global = local.modeJs === 'browser'","            ? window","            : global;","        // init utility2_rollup","        local = local.global.utility2_rollup || (local.modeJs === 'browser'","            ? local.global.utility2_npmtest_jhipster_uml","            : global.utility2_moduleExports);","        // export local","        local.global.local = local;","    }());","    switch (local.modeJs) {","","","","    // post-init","    // run browser js-env code - post-init","    /* istanbul ignore next */","    case 'browser':","        local.testRunBrowser = function (event) {","            if (!event || (event &&","                    event.currentTarget &&","                    event.currentTarget.className &&","                    event.currentTarget.className.includes &&","                    event.currentTarget.className.includes('onreset'))) {","                // reset output","                Array.from(","                    document.querySelectorAll('body > .resettable')","                ).forEach(function (element) {","                    switch (element.tagName) {","                    case 'INPUT':","                    case 'TEXTAREA':","                        element.value = '';","                        break;","                    default:","                        element.textContent = '';","                    }","                });","            }","            switch (event && event.currentTarget && event.currentTarget.id) {","            case 'testRunButton1':","                // show tests","                if (document.querySelector('#testReportDiv1').style.display === 'none') {","                    document.querySelector('#testReportDiv1').style.display = 'block';","                    document.querySelector('#testRunButton1').textContent =","                        'hide internal test';","                    local.modeTest = true;","                    local.testRunDefault(local);","                // hide tests","                } else {","                    document.querySelector('#testReportDiv1').style.display = 'none';","                    document.querySelector('#testRunButton1').textContent = 'run internal test';","                }","                break;","            // custom-case","            default:","                break;","            }","            if (document.querySelector('#inputTextareaEval1') && (!event || (event &&","                    event.currentTarget &&","                    event.currentTarget.className &&","                    event.currentTarget.className.includes &&","                    event.currentTarget.className.includes('oneval')))) {","                // try to eval input-code","                try {","                    /*jslint evil: true*/","                    eval(document.querySelector('#inputTextareaEval1').value);","                } catch (errorCaught) {","                    console.error(errorCaught);","                }","            }","        };","        // log stderr and stdout to #outputTextareaStdout1","        ['error', 'log'].forEach(function (key) {","            console[key + '_original'] = console[key];","            console[key] = function () {","                var element;","                console[key + '_original'].apply(console, arguments);","                element = document.querySelector('#outputTextareaStdout1');","                if (!element) {","                    return;","                }","                // append text to #outputTextareaStdout1","                element.value += Array.from(arguments).map(function (arg) {","                    return typeof arg === 'string'","                        ? arg","                        : JSON.stringify(arg, null, 4);","                }).join(' ') + '\\n';","                // scroll textarea to bottom","                element.scrollTop = element.scrollHeight;","            };","        });","        // init event-handling","        ['change', 'click', 'keyup'].forEach(function (event) {","            Array.from(document.querySelectorAll('.on' + event)).forEach(function (element) {","                element.addEventListener(event, local.testRunBrowser);","            });","        });","        // run tests","        local.testRunBrowser();","        break;","","","","    // run node js-env code - post-init","    /* istanbul ignore next */","    case 'node':","        // export local","        module.exports = local;","        // require modules","        local.fs = require('fs');","        local.http = require('http');","        local.url = require('url');","        // init assets","        local.assetsDict = local.assetsDict || {};","        /* jslint-ignore-begin */","        local.assetsDict['/assets.index.template.html'] = '\\","<!doctype html>\\n\\","<html lang=\"en\">\\n\\","<head>\\n\\","<meta charset=\"UTF-8\">\\n\\","<meta name=\"viewport\" content=\"width=device-width, initial-scale=1\">\\n\\","<title>{{env.npm_package_name}} (v{{env.npm_package_version}})</title>\\n\\","<style>\\n\\","/*csslint\\n\\","    box-sizing: false,\\n\\","    universal-selector: false\\n\\","*/\\n\\","* {\\n\\","    box-sizing: border-box;\\n\\","}\\n\\","body {\\n\\","    background: #dde;\\n\\","    font-family: Arial, Helvetica, sans-serif;\\n\\","    margin: 2rem;\\n\\","}\\n\\","body > * {\\n\\","    margin-bottom: 1rem;\\n\\","}\\n\\",".utility2FooterDiv {\\n\\","    margin-top: 20px;\\n\\","    text-align: center;\\n\\","}\\n\\","</style>\\n\\","<style>\\n\\","/*csslint\\n\\","*/\\n\\","textarea {\\n\\","    font-family: monospace;\\n\\","    height: 10rem;\\n\\","    width: 100%;\\n\\","}\\n\\","textarea[readonly] {\\n\\","    background: #ddd;\\n\\","}\\n\\","</style>\\n\\","</head>\\n\\","<body>\\n\\","<!-- utility2-comment\\n\\","<div id=\"ajaxProgressDiv1\" style=\"background: #d00; height: 2px; left: 0; margin: 0; padding: 0; position: fixed; top: 0; transition: background 0.5s, width 1.5s; width: 25%;\"></div>\\n\\","utility2-comment -->\\n\\","<h1>\\n\\","<!-- utility2-comment\\n\\","    <a\\n\\","        {{#if env.npm_package_homepage}}\\n\\","        href=\"{{env.npm_package_homepage}}\"\\n\\","        {{/if env.npm_package_homepage}}\\n\\","        target=\"_blank\"\\n\\","    >\\n\\","utility2-comment -->\\n\\","        {{env.npm_package_name}} (v{{env.npm_package_version}})\\n\\","<!-- utility2-comment\\n\\","    </a>\\n\\","utility2-comment -->\\n\\","</h1>\\n\\","<h3>{{env.npm_package_description}}</h3>\\n\\","<!-- utility2-comment\\n\\","<h4><a download href=\"assets.app.js\">download standalone app</a></h4>\\n\\","<button class=\"onclick onreset\" id=\"testRunButton1\">run internal test</button><br>\\n\\","<div id=\"testReportDiv1\" style=\"display: none;\"></div>\\n\\","utility2-comment -->\\n\\","\\n\\","\\n\\","\\n\\","<label>stderr and stdout</label>\\n\\","<textarea class=\"resettable\" id=\"outputTextareaStdout1\" readonly></textarea>\\n\\","<!-- utility2-comment\\n\\","{{#if isRollup}}\\n\\","<script src=\"assets.app.js\"></script>\\n\\","{{#unless isRollup}}\\n\\","utility2-comment -->\\n\\","<script src=\"assets.utility2.rollup.js\"></script>\\n\\","<script src=\"jsonp.utility2._stateInit?callback=window.utility2._stateInit\"></script>\\n\\","<script src=\"assets.npmtest_jhipster_uml.rollup.js\"></script>\\n\\","<script src=\"assets.example.js\"></script>\\n\\","<script src=\"assets.test.js\"></script>\\n\\","<!-- utility2-comment\\n\\","{{/if isRollup}}\\n\\","utility2-comment -->\\n\\","<div class=\"utility2FooterDiv\">\\n\\","    [ this app was created with\\n\\","    <a href=\"https://github.com/kaizhu256/node-utility2\" target=\"_blank\">utility2</a>\\n\\","    ]\\n\\","</div>\\n\\","</body>\\n\\","</html>\\n\\","';","        /* jslint-ignore-end */","        if (local.templateRender) {","            local.assetsDict['/'] = local.templateRender(","                local.assetsDict['/assets.index.template.html'],","                {","                    env: local.objectSetDefault(local.env, {","                        npm_package_description: 'the greatest app in the world!',","                        npm_package_name: 'my-app',","                        npm_package_nameAlias: 'my_app',","                        npm_package_version: '0.0.1'","                    })","                }","            );","        } else {","            local.assetsDict['/'] = local.assetsDict['/assets.index.template.html']","                .replace((/\\{\\{env\\.(\\w+?)\\}\\}/g), function (match0, match1) {","                    // jslint-hack","                    String(match0);","                    switch (match1) {","                    case 'npm_package_description':","                        return 'the greatest app in the world!';","                    case 'npm_package_name':","                        return 'my-app';","                    case 'npm_package_nameAlias':","                        return 'my_app';","                    case 'npm_package_version':","                        return '0.0.1';","                    }","                });","        }","        // run the cli","        if (local.global.utility2_rollup || module !== require.main) {","            break;","        }","        local.assetsDict['/assets.example.js'] =","            local.assetsDict['/assets.example.js'] ||","            local.fs.readFileSync(__filename, 'utf8');","        // bug-workaround - long $npm_package_buildCustomOrg","        /* jslint-ignore-begin */","        local.assetsDict['/assets.npmtest_jhipster_uml.rollup.js'] =","            local.assetsDict['/assets.npmtest_jhipster_uml.rollup.js'] ||","            local.fs.readFileSync(","                local.npmtest_jhipster_uml.__dirname + '/lib.npmtest_jhipster_uml.js',","                'utf8'","            ).replace((/^#!/), '//');","        /* jslint-ignore-end */","        local.assetsDict['/favicon.ico'] = local.assetsDict['/favicon.ico'] || '';","        // if $npm_config_timeout_exit exists,","        // then exit this process after $npm_config_timeout_exit ms","        if (Number(process.env.npm_config_timeout_exit)) {","            setTimeout(process.exit, Number(process.env.npm_config_timeout_exit));","        }","        // start server","        if (local.global.utility2_serverHttp1) {","            break;","        }","        process.env.PORT = process.env.PORT || '8081';","        console.error('server starting on port ' + process.env.PORT);","        local.http.createServer(function (request, response) {","            request.urlParsed = local.url.parse(request.url);","            if (local.assetsDict[request.urlParsed.pathname] !== undefined) {","                response.end(local.assetsDict[request.urlParsed.pathname]);","                return;","            }","            response.statusCode = 404;","            response.end();","        }).listen(process.env.PORT);","        break;","    }","}());",""],"l":{"26":2,"28":2,"33":2,"35":2,"37":2,"38":2,"39":2,"44":1,"51":2,"55":2,"59":2,"61":2,"69":1,"70":2,"76":2,"79":2,"82":2,"83":2,"85":1,"89":2,"92":1,"93":1,"94":1,"96":1,"97":1,"100":1,"101":1,"103":1,"106":1,"108":2,"114":1,"116":1,"118":1,"123":1,"124":2,"125":2,"126":3,"127":3,"128":3,"129":3,"130":1,"133":3,"134":3,"139":3,"143":1,"144":3,"145":1,"149":1,"150":1,"158":1,"160":1,"161":1,"162":1,"164":1,"166":1,"258":1,"259":1,"271":1,"274":6,"275":6,"277":1,"279":2,"281":1,"283":2,"288":1,"289":1,"291":1,"296":1,"303":1,"306":1,"307":1,"310":1,"311":1,"313":1,"314":1,"315":1,"316":1,"317":1,"318":1,"319":1,"321":1,"322":1,"324":1}},"/home/travis/build/npmtest/node-npmtest-jhipster-uml/node_modules/jhipster-uml/module/index.js":{"path":"/home/travis/build/npmtest/node-npmtest-jhipster-uml/node_modules/jhipster-uml/module/index.js","s":{"1":1,"2":1},"b":{},"f":{},"fnMap":{},"statementMap":{"1":{"start":{"line":3,"column":0},"end":{"line":7,"column":56}},"2":{"start":{"line":9,"column":0},"end":{"line":16,"column":2}}},"branchMap":{},"code":["'use strict';","","const Editors = require('../lib/editors/editors'),","    createParser = require('../lib/editors/parser_factory').createParser,","    generateEntities = require('../lib/entity_generator').generateEntities,","    createEntities = require('../lib/entitiescreator').createEntities,","    JDLExporter = require('../lib/export/jdl_exporter');","","module.exports = {","  Editors: Editors,","  createParser: createParser,","  createEntities: createEntities,","  generateEntities: generateEntities,","  toJDL: JDLExporter.toJDL,","  toJDLString: JDLExporter.toJDLString","};",""],"l":{"3":1,"9":1}},"/home/travis/build/npmtest/node-npmtest-jhipster-uml/node_modules/jhipster-uml/lib/editors/editors.js":{"path":"/home/travis/build/npmtest/node-npmtest-jhipster-uml/node_modules/jhipster-uml/lib/editors/editors.js","s":{"1":1,"2":1},"b":{},"f":{},"fnMap":{},"statementMap":{"1":{"start":{"line":3,"column":0},"end":{"line":5,"column":56}},"2":{"start":{"line":7,"column":0},"end":{"line":19,"column":2}}},"branchMap":{},"code":["'use strict';","","const ModelioParser = require('./modelio_parser'),","    GenMyModelParser = require('./genmymodel_parser'),","    UMLDesignerParser = require('./umldesigner_parser');","","module.exports = {","  MODELIO: 'modelio',","  UMLDESIGNER: 'umldesigner',","  GENMYMODEL: 'genmymodel',","  Parsers: {","    modelio: ModelioParser,","    umldesigner: UMLDesignerParser,","    genmymodel: GenMyModelParser","  },","  UndetectedEditors: [","    'umldesigner'","  ]","};",""],"l":{"3":1,"7":1}},"/home/travis/build/npmtest/node-npmtest-jhipster-uml/node_modules/jhipster-uml/lib/editors/modelio_parser.js":{"path":"/home/travis/build/npmtest/node-npmtest-jhipster-uml/node_modules/jhipster-uml/lib/editors/modelio_parser.js","s":{"1":1,"2":1,"3":1,"4":1,"5":1,"6":1,"7":1,"8":1,"9":0,"10":0,"11":0,"12":0,"13":0,"14":0,"15":0,"16":0,"17":1,"18":0,"19":0,"20":0,"21":0,"22":0,"23":0,"24":0,"25":1,"26":0,"27":1,"28":0,"29":0,"30":0,"31":0,"32":0,"33":0,"34":0,"35":0,"36":0,"37":0,"38":0,"39":0,"40":0,"41":0,"42":0,"43":1,"44":0,"45":0,"46":0,"47":0,"48":0,"49":0,"50":1,"51":0,"52":0,"53":1,"54":0,"55":0,"56":0,"57":0,"58":0,"59":1,"60":0,"61":0,"62":1,"63":0,"64":0,"65":0,"66":0,"67":0,"68":0,"69":1,"70":0,"71":0,"72":0,"73":0,"74":0,"75":0,"76":0,"77":1,"78":0,"79":0,"80":1,"81":0,"82":0,"83":0,"84":0,"85":0,"86":0,"87":0,"88":0,"89":0,"90":1,"91":0,"92":0,"93":1,"94":0,"95":0,"96":0,"97":0,"98":0,"99":0,"100":1,"101":0,"102":0,"103":1,"104":0,"105":0,"106":0,"107":0,"108":0,"109":0,"110":1,"111":0,"112":0,"113":0,"114":0,"115":0,"116":0,"117":0,"118":0,"119":1,"120":0,"121":0,"122":0,"123":1,"124":0,"125":0,"126":0,"127":0,"128":0,"129":0,"130":0,"131":0,"132":0,"133":0,"134":0,"135":0,"136":1,"137":0,"138":0,"139":0,"140":0,"141":0,"142":0,"143":0,"144":0,"145":0,"146":0,"147":0,"148":0,"149":0,"150":0,"151":0,"152":0,"153":1,"154":0,"155":0,"156":1,"157":0,"158":0,"159":0,"160":0,"161":0,"162":0,"163":0,"164":0,"165":0},"b":{"1":[0,0],"2":[0,0],"3":[0,0],"4":[0,0,0,0,0,0],"5":[0,0],"6":[0,0],"7":[0,0],"8":[0,0],"9":[0,0],"10":[0,0],"11":[0,0],"12":[0,0],"13":[0,0],"14":[0,0],"15":[0,0],"16":[0,0],"17":[0,0],"18":[0,0],"19":[0,0],"20":[0,0],"21":[0,0],"22":[0,0],"23":[0,0],"24":[0,0,0],"25":[0,0],"26":[0,0],"27":[0,0],"28":[0,0],"29":[0,0],"30":[0,0],"31":[0,0],"32":[0,0,0],"33":[0,0],"34":[0,0],"35":[0,0,0],"36":[0,0],"37":[0,0,0,0],"38":[0,0],"39":[0,0],"40":[0,0],"41":[0,0],"42":[0,0],"43":[0,0,0,0]},"f":{"1":0,"2":0,"3":0,"4":0,"5":0,"6":0,"7":0,"8":0,"9":0,"10":0,"11":0,"12":0,"13":0,"14":0,"15":0,"16":0,"17":0,"18":0,"19":0,"20":0,"21":0,"22":0},"fnMap":{"1":{"name":"parse","line":23,"loc":{"start":{"line":23,"column":0},"end":{"line":23,"column":21}}},"2":{"name":"initParser","line":34,"loc":{"start":{"line":34,"column":0},"end":{"line":34,"column":26}}},"3":{"name":"findElements","line":54,"loc":{"start":{"line":54,"column":0},"end":{"line":54,"column":24}}},"4":{"name":"findElementsInNode","line":58,"loc":{"start":{"line":58,"column":0},"end":{"line":58,"column":40}}},"5":{"name":"findConstraints","line":84,"loc":{"start":{"line":84,"column":0},"end":{"line":84,"column":27}}},"6":{"name":"fillTypes","line":96,"loc":{"start":{"line":96,"column":0},"end":{"line":96,"column":21}}},"7":{"name":"addType","line":102,"loc":{"start":{"line":102,"column":0},"end":{"line":102,"column":30}}},"8":{"name":"fillEnums","line":119,"loc":{"start":{"line":119,"column":0},"end":{"line":119,"column":21}}},"9":{"name":"addEnum","line":125,"loc":{"start":{"line":125,"column":0},"end":{"line":125,"column":30}}},"10":{"name":"getEnumValues","line":139,"loc":{"start":{"line":139,"column":0},"end":{"line":139,"column":36}}},"11":{"name":"fillAssociations","line":153,"loc":{"start":{"line":153,"column":0},"end":{"line":153,"column":28}}},"12":{"name":"addAssociation","line":159,"loc":{"start":{"line":159,"column":0},"end":{"line":159,"column":44}}},"13":{"name":"fillClassesAndFields","line":182,"loc":{"start":{"line":182,"column":0},"end":{"line":182,"column":32}}},"14":{"name":"addClassAndFields","line":188,"loc":{"start":{"line":188,"column":0},"end":{"line":188,"column":41}}},"15":{"name":"checkForUserClass","line":201,"loc":{"start":{"line":201,"column":0},"end":{"line":201,"column":41}}},"16":{"name":"handleAttributes","line":207,"loc":{"start":{"line":207,"column":0},"end":{"line":207,"column":40}}},"17":{"name":"addClass","line":221,"loc":{"start":{"line":221,"column":0},"end":{"line":221,"column":32}}},"18":{"name":"addField","line":245,"loc":{"start":{"line":245,"column":0},"end":{"line":245,"column":36}}},"19":{"name":"addRegularField","line":253,"loc":{"start":{"line":253,"column":0},"end":{"line":253,"column":43}}},"20":{"name":"completeAssociation","line":277,"loc":{"start":{"line":277,"column":0},"end":{"line":277,"column":51}}},"21":{"name":"fillConstraints","line":307,"loc":{"start":{"line":307,"column":0},"end":{"line":307,"column":27}}},"22":{"name":"addConstraint","line":313,"loc":{"start":{"line":313,"column":0},"end":{"line":313,"column":42}}}},"statementMap":{"1":{"start":{"line":3,"column":0},"end":{"line":11,"column":71}},"2":{"start":{"line":13,"column":0},"end":{"line":13,"column":9}},"3":{"start":{"line":14,"column":0},"end":{"line":14,"column":18}},"4":{"start":{"line":15,"column":0},"end":{"line":15,"column":15}},"5":{"start":{"line":16,"column":0},"end":{"line":16,"column":15}},"6":{"start":{"line":17,"column":0},"end":{"line":17,"column":21}},"7":{"start":{"line":19,"column":0},"end":{"line":21,"column":2}},"8":{"start":{"line":23,"column":0},"end":{"line":32,"column":1}},"9":{"start":{"line":24,"column":2},"end":{"line":24,"column":19}},"10":{"start":{"line":25,"column":2},"end":{"line":25,"column":17}},"11":{"start":{"line":26,"column":2},"end":{"line":26,"column":14}},"12":{"start":{"line":27,"column":2},"end":{"line":27,"column":14}},"13":{"start":{"line":28,"column":2},"end":{"line":28,"column":21}},"14":{"start":{"line":29,"column":2},"end":{"line":29,"column":25}},"15":{"start":{"line":30,"column":2},"end":{"line":30,"column":20}},"16":{"start":{"line":31,"column":2},"end":{"line":31,"column":20}},"17":{"start":{"line":34,"column":0},"end":{"line":51,"column":1}},"18":{"start":{"line":35,"column":2},"end":{"line":39,"column":3}},"19":{"start":{"line":36,"column":4},"end":{"line":38,"column":64}},"20":{"start":{"line":40,"column":2},"end":{"line":40,"column":19}},"21":{"start":{"line":41,"column":2},"end":{"line":41,"column":37}},"22":{"start":{"line":42,"column":2},"end":{"line":42,"column":52}},"23":{"start":{"line":43,"column":2},"end":{"line":49,"column":4}},"24":{"start":{"line":50,"column":2},"end":{"line":50,"column":32}},"25":{"start":{"line":54,"column":0},"end":{"line":56,"column":1}},"26":{"start":{"line":55,"column":2},"end":{"line":55,"column":31}},"27":{"start":{"line":58,"column":0},"end":{"line":82,"column":1}},"28":{"start":{"line":59,"column":2},"end":{"line":80,"column":3}},"29":{"start":{"line":60,"column":4},"end":{"line":60,"column":42}},"30":{"start":{"line":61,"column":4},"end":{"line":61,"column":43}},"31":{"start":{"line":62,"column":4},"end":{"line":79,"column":5}},"32":{"start":{"line":64,"column":6},"end":{"line":64,"column":49}},"33":{"start":{"line":65,"column":6},"end":{"line":65,"column":12}},"34":{"start":{"line":67,"column":6},"end":{"line":67,"column":49}},"35":{"start":{"line":68,"column":6},"end":{"line":68,"column":12}},"36":{"start":{"line":70,"column":6},"end":{"line":70,"column":51}},"37":{"start":{"line":71,"column":6},"end":{"line":71,"column":12}},"38":{"start":{"line":73,"column":6},"end":{"line":73,"column":56}},"39":{"start":{"line":74,"column":6},"end":{"line":74,"column":12}},"40":{"start":{"line":76,"column":6},"end":{"line":76,"column":53}},"41":{"start":{"line":77,"column":6},"end":{"line":77,"column":12}},"42":{"start":{"line":81,"column":2},"end":{"line":81,"column":20}},"43":{"start":{"line":84,"column":0},"end":{"line":94,"column":1}},"44":{"start":{"line":85,"column":2},"end":{"line":87,"column":3}},"45":{"start":{"line":86,"column":4},"end":{"line":86,"column":11}},"46":{"start":{"line":88,"column":2},"end":{"line":93,"column":3}},"47":{"start":{"line":89,"column":4},"end":{"line":89,"column":36}},"48":{"start":{"line":90,"column":4},"end":{"line":92,"column":5}},"49":{"start":{"line":91,"column":6},"end":{"line":91,"column":51}},"50":{"start":{"line":96,"column":0},"end":{"line":100,"column":1}},"51":{"start":{"line":97,"column":2},"end":{"line":99,"column":3}},"52":{"start":{"line":98,"column":4},"end":{"line":98,"column":92}},"53":{"start":{"line":102,"column":0},"end":{"line":117,"column":1}},"54":{"start":{"line":103,"column":2},"end":{"line":110,"column":3}},"55":{"start":{"line":104,"column":4},"end":{"line":109,"column":6}},"56":{"start":{"line":111,"column":2},"end":{"line":115,"column":3}},"57":{"start":{"line":112,"column":4},"end":{"line":114,"column":73}},"58":{"start":{"line":116,"column":2},"end":{"line":116,"column":88}},"59":{"start":{"line":119,"column":0},"end":{"line":123,"column":1}},"60":{"start":{"line":120,"column":2},"end":{"line":122,"column":3}},"61":{"start":{"line":121,"column":4},"end":{"line":121,"column":92}},"62":{"start":{"line":125,"column":0},"end":{"line":137,"column":1}},"63":{"start":{"line":126,"column":2},"end":{"line":129,"column":3}},"64":{"start":{"line":127,"column":4},"end":{"line":128,"column":73}},"65":{"start":{"line":130,"column":2},"end":{"line":130,"column":18}},"66":{"start":{"line":131,"column":2},"end":{"line":133,"column":3}},"67":{"start":{"line":132,"column":4},"end":{"line":132,"column":40}},"68":{"start":{"line":134,"column":2},"end":{"line":136,"column":48}},"69":{"start":{"line":139,"column":0},"end":{"line":151,"column":1}},"70":{"start":{"line":140,"column":2},"end":{"line":140,"column":18}},"71":{"start":{"line":141,"column":2},"end":{"line":149,"column":3}},"72":{"start":{"line":142,"column":4},"end":{"line":142,"column":51}},"73":{"start":{"line":143,"column":4},"end":{"line":147,"column":5}},"74":{"start":{"line":144,"column":6},"end":{"line":146,"column":51}},"75":{"start":{"line":148,"column":4},"end":{"line":148,"column":51}},"76":{"start":{"line":150,"column":2},"end":{"line":150,"column":16}},"77":{"start":{"line":153,"column":0},"end":{"line":157,"column":1}},"78":{"start":{"line":154,"column":2},"end":{"line":156,"column":3}},"79":{"start":{"line":155,"column":4},"end":{"line":155,"column":106}},"80":{"start":{"line":159,"column":0},"end":{"line":180,"column":1}},"81":{"start":{"line":160,"column":2},"end":{"line":163,"column":4}},"82":{"start":{"line":164,"column":2},"end":{"line":166,"column":3}},"83":{"start":{"line":165,"column":4},"end":{"line":165,"column":57}},"84":{"start":{"line":167,"column":2},"end":{"line":175,"column":3}},"85":{"start":{"line":169,"column":4},"end":{"line":172,"column":6}},"86":{"start":{"line":174,"column":4},"end":{"line":174,"column":53}},"87":{"start":{"line":176,"column":2},"end":{"line":178,"column":3}},"88":{"start":{"line":177,"column":4},"end":{"line":177,"column":89}},"89":{"start":{"line":179,"column":2},"end":{"line":179,"column":77}},"90":{"start":{"line":182,"column":0},"end":{"line":186,"column":1}},"91":{"start":{"line":183,"column":2},"end":{"line":185,"column":3}},"92":{"start":{"line":184,"column":4},"end":{"line":184,"column":104}},"93":{"start":{"line":188,"column":0},"end":{"line":199,"column":1}},"94":{"start":{"line":189,"column":2},"end":{"line":192,"column":3}},"95":{"start":{"line":190,"column":4},"end":{"line":191,"column":61}},"96":{"start":{"line":193,"column":2},"end":{"line":193,"column":34}},"97":{"start":{"line":194,"column":2},"end":{"line":194,"column":25}},"98":{"start":{"line":196,"column":2},"end":{"line":198,"column":3}},"99":{"start":{"line":197,"column":4},"end":{"line":197,"column":35}},"100":{"start":{"line":201,"column":0},"end":{"line":205,"column":1}},"101":{"start":{"line":202,"column":2},"end":{"line":204,"column":3}},"102":{"start":{"line":203,"column":4},"end":{"line":203,"column":54}},"103":{"start":{"line":207,"column":0},"end":{"line":219,"column":1}},"104":{"start":{"line":208,"column":2},"end":{"line":218,"column":3}},"105":{"start":{"line":209,"column":4},"end":{"line":209,"column":51}},"106":{"start":{"line":210,"column":4},"end":{"line":214,"column":5}},"107":{"start":{"line":211,"column":6},"end":{"line":213,"column":91}},"108":{"start":{"line":215,"column":4},"end":{"line":217,"column":5}},"109":{"start":{"line":216,"column":6},"end":{"line":216,"column":52}},"110":{"start":{"line":221,"column":0},"end":{"line":243,"column":1}},"111":{"start":{"line":222,"column":2},"end":{"line":222,"column":66}},"112":{"start":{"line":223,"column":2},"end":{"line":226,"column":4}},"113":{"start":{"line":227,"column":2},"end":{"line":230,"column":5}},"114":{"start":{"line":231,"column":2},"end":{"line":238,"column":3}},"115":{"start":{"line":233,"column":4},"end":{"line":237,"column":7}},"116":{"start":{"line":239,"column":2},"end":{"line":241,"column":3}},"117":{"start":{"line":240,"column":4},"end":{"line":240,"column":61}},"118":{"start":{"line":242,"column":2},"end":{"line":242,"column":59}},"119":{"start":{"line":245,"column":0},"end":{"line":251,"column":1}},"120":{"start":{"line":246,"column":2},"end":{"line":250,"column":3}},"121":{"start":{"line":247,"column":4},"end":{"line":247,"column":83}},"122":{"start":{"line":249,"column":4},"end":{"line":249,"column":38}},"123":{"start":{"line":253,"column":0},"end":{"line":275,"column":1}},"124":{"start":{"line":254,"column":2},"end":{"line":258,"column":5}},"125":{"start":{"line":259,"column":2},"end":{"line":259,"column":55}},"126":{"start":{"line":260,"column":2},"end":{"line":270,"column":3}},"127":{"start":{"line":261,"column":4},"end":{"line":261,"column":36}},"128":{"start":{"line":262,"column":9},"end":{"line":270,"column":3}},"129":{"start":{"line":263,"column":4},"end":{"line":265,"column":68}},"130":{"start":{"line":267,"column":4},"end":{"line":267,"column":90}},"131":{"start":{"line":268,"column":4},"end":{"line":268,"column":32}},"132":{"start":{"line":269,"column":4},"end":{"line":269,"column":30}},"133":{"start":{"line":271,"column":2},"end":{"line":273,"column":3}},"134":{"start":{"line":272,"column":4},"end":{"line":272,"column":56}},"135":{"start":{"line":274,"column":2},"end":{"line":274,"column":63}},"136":{"start":{"line":277,"column":0},"end":{"line":305,"column":1}},"137":{"start":{"line":278,"column":2},"end":{"line":296,"column":3}},"138":{"start":{"line":280,"column":4},"end":{"line":284,"column":5}},"139":{"start":{"line":281,"column":6},"end":{"line":281,"column":51}},"140":{"start":{"line":283,"column":6},"end":{"line":283,"column":50}},"141":{"start":{"line":285,"column":4},"end":{"line":285,"column":10}},"142":{"start":{"line":287,"column":4},"end":{"line":293,"column":5}},"143":{"start":{"line":289,"column":6},"end":{"line":289,"column":52}},"144":{"start":{"line":290,"column":11},"end":{"line":293,"column":5}},"145":{"start":{"line":292,"column":6},"end":{"line":292,"column":51}},"146":{"start":{"line":294,"column":4},"end":{"line":294,"column":10}},"147":{"start":{"line":297,"column":2},"end":{"line":297,"column":34}},"148":{"start":{"line":298,"column":2},"end":{"line":298,"column":51}},"149":{"start":{"line":299,"column":2},"end":{"line":301,"column":3}},"150":{"start":{"line":300,"column":4},"end":{"line":300,"column":51}},"151":{"start":{"line":302,"column":2},"end":{"line":304,"column":3}},"152":{"start":{"line":303,"column":4},"end":{"line":303,"column":64}},"153":{"start":{"line":307,"column":0},"end":{"line":311,"column":1}},"154":{"start":{"line":308,"column":2},"end":{"line":310,"column":3}},"155":{"start":{"line":309,"column":4},"end":{"line":309,"column":75}},"156":{"start":{"line":313,"column":0},"end":{"line":336,"column":1}},"157":{"start":{"line":314,"column":2},"end":{"line":317,"column":3}},"158":{"start":{"line":315,"column":4},"end":{"line":316,"column":67}},"159":{"start":{"line":318,"column":2},"end":{"line":318,"column":38}},"160":{"start":{"line":319,"column":2},"end":{"line":319,"column":98}},"161":{"start":{"line":320,"column":2},"end":{"line":320,"column":102}},"162":{"start":{"line":322,"column":2},"end":{"line":328,"column":3}},"163":{"start":{"line":324,"column":4},"end":{"line":327,"column":103}},"164":{"start":{"line":330,"column":2},"end":{"line":330,"column":57}},"165":{"start":{"line":331,"column":2},"end":{"line":335,"column":4}}},"branchMap":{"1":{"line":35,"type":"if","locations":[{"start":{"line":35,"column":2},"end":{"line":35,"column":2}},{"start":{"line":35,"column":2},"end":{"line":35,"column":2}}]},"2":{"line":35,"type":"binary-expr","locations":[{"start":{"line":35,"column":6},"end":{"line":35,"column":16}},{"start":{"line":35,"column":20},"end":{"line":35,"column":39}}]},"3":{"line":42,"type":"binary-expr","locations":[{"start":{"line":42,"column":21},"end":{"line":42,"column":42}},{"start":{"line":42,"column":46},"end":{"line":42,"column":51}}]},"4":{"line":62,"type":"switch","locations":[{"start":{"line":63,"column":4},"end":{"line":65,"column":12}},{"start":{"line":66,"column":4},"end":{"line":68,"column":12}},{"start":{"line":69,"column":4},"end":{"line":71,"column":12}},{"start":{"line":72,"column":4},"end":{"line":74,"column":12}},{"start":{"line":75,"column":4},"end":{"line":77,"column":12}},{"start":{"line":78,"column":4},"end":{"line":78,"column":12}}]},"5":{"line":85,"type":"if","locations":[{"start":{"line":85,"column":2},"end":{"line":85,"column":2}},{"start":{"line":85,"column":2},"end":{"line":85,"column":2}}]},"6":{"line":90,"type":"if","locations":[{"start":{"line":90,"column":4},"end":{"line":90,"column":4}},{"start":{"line":90,"column":4},"end":{"line":90,"column":4}}]},"7":{"line":103,"type":"if","locations":[{"start":{"line":103,"column":2},"end":{"line":103,"column":2}},{"start":{"line":103,"column":2},"end":{"line":103,"column":2}}]},"8":{"line":111,"type":"if","locations":[{"start":{"line":111,"column":2},"end":{"line":111,"column":2}},{"start":{"line":111,"column":2},"end":{"line":111,"column":2}}]},"9":{"line":126,"type":"if","locations":[{"start":{"line":126,"column":2},"end":{"line":126,"column":2}},{"start":{"line":126,"column":2},"end":{"line":126,"column":2}}]},"10":{"line":131,"type":"if","locations":[{"start":{"line":131,"column":2},"end":{"line":131,"column":2}},{"start":{"line":131,"column":2},"end":{"line":131,"column":2}}]},"11":{"line":143,"type":"if","locations":[{"start":{"line":143,"column":4},"end":{"line":143,"column":4}},{"start":{"line":143,"column":4},"end":{"line":143,"column":4}}]},"12":{"line":164,"type":"if","locations":[{"start":{"line":164,"column":2},"end":{"line":164,"column":2}},{"start":{"line":164,"column":2},"end":{"line":164,"column":2}}]},"13":{"line":167,"type":"if","locations":[{"start":{"line":167,"column":2},"end":{"line":167,"column":2}},{"start":{"line":167,"column":2},"end":{"line":167,"column":2}}]},"14":{"line":167,"type":"binary-expr","locations":[{"start":{"line":167,"column":6},"end":{"line":167,"column":47}},{"start":{"line":168,"column":9},"end":{"line":168,"column":69}}]},"15":{"line":176,"type":"if","locations":[{"start":{"line":176,"column":2},"end":{"line":176,"column":2}},{"start":{"line":176,"column":2},"end":{"line":176,"column":2}}]},"16":{"line":176,"type":"binary-expr","locations":[{"start":{"line":176,"column":6},"end":{"line":176,"column":36}},{"start":{"line":176,"column":40},"end":{"line":176,"column":83}}]},"17":{"line":189,"type":"if","locations":[{"start":{"line":189,"column":2},"end":{"line":189,"column":2}},{"start":{"line":189,"column":2},"end":{"line":189,"column":2}}]},"18":{"line":196,"type":"if","locations":[{"start":{"line":196,"column":2},"end":{"line":196,"column":2}},{"start":{"line":196,"column":2},"end":{"line":196,"column":2}}]},"19":{"line":202,"type":"if","locations":[{"start":{"line":202,"column":2},"end":{"line":202,"column":2}},{"start":{"line":202,"column":2},"end":{"line":202,"column":2}}]},"20":{"line":202,"type":"binary-expr","locations":[{"start":{"line":202,"column":6},"end":{"line":202,"column":29}},{"start":{"line":202,"column":33},"end":{"line":202,"column":77}}]},"21":{"line":210,"type":"if","locations":[{"start":{"line":210,"column":4},"end":{"line":210,"column":4}},{"start":{"line":210,"column":4},"end":{"line":210,"column":4}}]},"22":{"line":215,"type":"if","locations":[{"start":{"line":215,"column":4},"end":{"line":215,"column":4}},{"start":{"line":215,"column":4},"end":{"line":215,"column":4}}]},"23":{"line":231,"type":"if","locations":[{"start":{"line":231,"column":2},"end":{"line":231,"column":2}},{"start":{"line":231,"column":2},"end":{"line":231,"column":2}}]},"24":{"line":231,"type":"binary-expr","locations":[{"start":{"line":231,"column":6},"end":{"line":231,"column":50}},{"start":{"line":232,"column":10},"end":{"line":232,"column":54}},{"start":{"line":232,"column":58},"end":{"line":232,"column":75}}]},"25":{"line":239,"type":"if","locations":[{"start":{"line":239,"column":2},"end":{"line":239,"column":2}},{"start":{"line":239,"column":2},"end":{"line":239,"column":2}}]},"26":{"line":239,"type":"binary-expr","locations":[{"start":{"line":239,"column":6},"end":{"line":239,"column":31}},{"start":{"line":239,"column":35},"end":{"line":239,"column":68}}]},"27":{"line":246,"type":"if","locations":[{"start":{"line":246,"column":2},"end":{"line":246,"column":2}},{"start":{"line":246,"column":2},"end":{"line":246,"column":2}}]},"28":{"line":260,"type":"if","locations":[{"start":{"line":260,"column":2},"end":{"line":260,"column":2}},{"start":{"line":260,"column":2},"end":{"line":260,"column":2}}]},"29":{"line":262,"type":"if","locations":[{"start":{"line":262,"column":9},"end":{"line":262,"column":9}},{"start":{"line":262,"column":9},"end":{"line":262,"column":9}}]},"30":{"line":271,"type":"if","locations":[{"start":{"line":271,"column":2},"end":{"line":271,"column":2}},{"start":{"line":271,"column":2},"end":{"line":271,"column":2}}]},"31":{"line":271,"type":"binary-expr","locations":[{"start":{"line":271,"column":6},"end":{"line":271,"column":26}},{"start":{"line":271,"column":30},"end":{"line":271,"column":58}}]},"32":{"line":278,"type":"switch","locations":[{"start":{"line":279,"column":2},"end":{"line":285,"column":10}},{"start":{"line":286,"column":2},"end":{"line":294,"column":10}},{"start":{"line":295,"column":2},"end":{"line":295,"column":10}}]},"33":{"line":280,"type":"if","locations":[{"start":{"line":280,"column":4},"end":{"line":280,"column":4}},{"start":{"line":280,"column":4},"end":{"line":280,"column":4}}]},"34":{"line":287,"type":"if","locations":[{"start":{"line":287,"column":4},"end":{"line":287,"column":4}},{"start":{"line":287,"column":4},"end":{"line":287,"column":4}}]},"35":{"line":287,"type":"binary-expr","locations":[{"start":{"line":287,"column":8},"end":{"line":287,"column":26}},{"start":{"line":287,"column":30},"end":{"line":287,"column":67}},{"start":{"line":288,"column":11},"end":{"line":288,"column":58}}]},"36":{"line":290,"type":"if","locations":[{"start":{"line":290,"column":11},"end":{"line":290,"column":11}},{"start":{"line":290,"column":11},"end":{"line":290,"column":11}}]},"37":{"line":290,"type":"binary-expr","locations":[{"start":{"line":290,"column":15},"end":{"line":290,"column":34}},{"start":{"line":290,"column":39},"end":{"line":290,"column":60}},{"start":{"line":290,"column":64},"end":{"line":290,"column":101}},{"start":{"line":291,"column":11},"end":{"line":291,"column":57}}]},"38":{"line":299,"type":"if","locations":[{"start":{"line":299,"column":2},"end":{"line":299,"column":2}},{"start":{"line":299,"column":2},"end":{"line":299,"column":2}}]},"39":{"line":302,"type":"if","locations":[{"start":{"line":302,"column":2},"end":{"line":302,"column":2}},{"start":{"line":302,"column":2},"end":{"line":302,"column":2}}]},"40":{"line":302,"type":"binary-expr","locations":[{"start":{"line":302,"column":6},"end":{"line":302,"column":26}},{"start":{"line":302,"column":30},"end":{"line":302,"column":53}}]},"41":{"line":314,"type":"if","locations":[{"start":{"line":314,"column":2},"end":{"line":314,"column":2}},{"start":{"line":314,"column":2},"end":{"line":314,"column":2}}]},"42":{"line":322,"type":"if","locations":[{"start":{"line":322,"column":2},"end":{"line":322,"column":2}},{"start":{"line":322,"column":2},"end":{"line":322,"column":2}}]},"43":{"line":322,"type":"binary-expr","locations":[{"start":{"line":322,"column":7},"end":{"line":322,"column":11}},{"start":{"line":322,"column":15},"end":{"line":322,"column":75}},{"start":{"line":323,"column":10},"end":{"line":323,"column":18}},{"start":{"line":323,"column":22},"end":{"line":323,"column":79}}]}},"code":["'use strict';","","const _ = require('lodash'),","    ParsedData = require('../data/parsed_data'),","    parser_helper = require('./parser_helper'),","    cardinalities = require('../cardinalities'),","    checkForReservedClassName = require('../utils/jhipster_utils').checkForReservedClassName,","    checkForReservedTableName = require('../utils/jhipster_utils').checkForReservedTableName,","    checkForReservedFieldName = require('../utils/jhipster_utils').checkForReservedFieldName,","    buildException = require('../exceptions/exception_factory').buildException,","    exceptions = require('../exceptions/exception_factory').exceptions;","","var root;","var databaseTypes;","var rawObjects;","var parsedData;","var noUserManagement;","","module.exports = {","  parse: parse","};","","function parse(args) {","  initParser(args);","  findElements();","  fillTypes();","  fillEnums();","  fillAssociations();","  fillClassesAndFields();","  fillConstraints();","  return parsedData;","}","","function initParser(args) {","  if (!args.root || !args.databaseTypes) {","    throw new buildException(","      exceptions.NullPointer,","      'The root object and the database types must be passed.');","  }","  root = args.root;","  databaseTypes = args.databaseTypes;","  noUserManagement = args.noUserManagement || false;","  rawObjects = {","    rawTypesIndexes: [],","    rawEnumsIndexes: [],","    rawClassesIndexes: [],","    rawAssociationsIndexes: [],","    rawValidationRulesIndexes: [],","  };","  parsedData = new ParsedData();","}","","","function findElements() {","  findElementsInNode(root, []);","}","","function findElementsInNode(node, path) {","  for (let i = 0; i < node.packagedElement.length; i++) {","    let element = node.packagedElement[i];","    let indexInfo = {index: i, path: path};","    switch (element.$['xmi:type']) {","    case 'uml:PrimitiveType':","      rawObjects.rawTypesIndexes.push(indexInfo);","      break;","    case 'uml:Enumeration':","      rawObjects.rawEnumsIndexes.push(indexInfo);","      break;","    case 'uml:Class':","      rawObjects.rawClassesIndexes.push(indexInfo);","      break;","    case 'uml:Association':","      rawObjects.rawAssociationsIndexes.push(indexInfo);","      break;","    case 'uml:Package':","      findElementsInNode(element, _.concat(path, i));","      break;","    default:","    }","  }","  findConstraints();","}","","function findConstraints() {","  if (!root.ownedRule) {","    return;","  }","  for (let i = 0; i < root.ownedRule.length; i++) {","    let element = root.ownedRule[i];","    if (element.$['xmi:type'] === 'uml:Constraint') {","      rawObjects.rawValidationRulesIndexes.push(i);","    }","  }","}","","function fillTypes() {","  for (let i = 0; i < rawObjects.rawTypesIndexes.length; i++) {","    addType(parser_helper.getXmlElementFromRawIndexes(root, rawObjects.rawTypesIndexes[i]));","  }","}","","function addType(typeElement) {","  if (!typeElement.$) {","    typeElement = {","      $: {","        'xmi:id': typeElement,","        name: typeElement","      }","    };","  }","  if (!databaseTypes.contains(_.upperFirst(typeElement.$.name))) {","    throw new buildException(","        exceptions.WrongType,","        `The type '${typeElement.$.name}' isn't supported by JHipster.`);","  }","  parsedData.addType(typeElement.$['xmi:id'], {name: _.upperFirst(typeElement.$.name)});","}","","function fillEnums() {","  for (let i = 0; i < rawObjects.rawEnumsIndexes.length; i++) {","    addEnum(parser_helper.getXmlElementFromRawIndexes(root, rawObjects.rawEnumsIndexes[i]));","  }","}","","function addEnum(enumElement) {","  if (!enumElement.$.name) {","    throw new buildException(","        excep
[...]
urn QuestionAsker.selectMultipleChoices({","    classes: classes,","    question: \"Please choose the entities that won't have any server code:\"","  });","}","","function askForAngularSuffixes(classes, values) {","  if (!(values instanceof Array)) {","    values = [values];","  }","  var angularSuffixes = {};","  for (let i = 0; i < values.length; i++) {","    let classesToSuffix = askForAngularSuffixesClasses(classes, values[i]);","    if (classesToSuffix.length === 0) {","      continue;","    }","    for (let j = 0; j < classesToSuffix.length; j++) {","      angularSuffixes[classesToSuffix[j]] = values[i];","    }","  }","  return angularSuffixes;","}","","function askForAngularSuffixesClasses(classes, value) {","  return QuestionAsker.selectMultipleChoices({","    classes: classes,","    question: `Please choose the entities you want to add an angular suffix with ${value}:`","  });","}","","function askForMicroserviceNames(classes, values) {","  if (!(values instanceof Array)) {","    values = [values];","  }","  var microserviceNames = {};","  for (let i = 0; i < values.length; i++) {","    let classesToTreat = askForMicroserviceNamesClasses(classes, values[i]);","    if (classesToTreat.length === 0) {","      continue;","    }","    for (let j = 0; j < classesToTreat.length; j++) {","      microserviceNames[classesToTreat[j]] = values[i];","    }","  }","  return microserviceNames;","}","","function askForMicroserviceNamesClasses(classes, value) {","  return QuestionAsker.selectMultipleChoices({","    classes: classes,","    question: `Please choose the entities included in microservice ${value}:`","  });","}","","function askForClassesToBeSearched(classes, value) {","  return QuestionAsker.selectMultipleChoices({","    classes: classes,","    question: `Please choose the entities that can be searched with ${value}:`","  });","}","","function askForSearchEngines(classes, values) {","  if (!(values instanceof Array)) {","    values = [values];","  }","  var listSearchEngine = {};","  for (let i = 0; i < values.length; i++) {","    let classesToSearch = askForClassesToBeSearched(classes, values[i]);","    if (classesToSearch.length === 0) {","      continue;","    }","    for (let j = 0; j < classesToSearch.length; j++) {","      listSearchEngine[classesToSearch[j]] = values[i];","    }","  }","  return listSearchEngine;","}",""],"l":{"3":1,"5":1,"17":1,"18":0,"24":1,"25":0,"26":0,"28":0,"29":0,"30":0,"31":0,"32":0,"34":0,"35":0,"38":0,"41":1,"42":0,"48":1,"49":0,"50":0,"52":0,"53":0,"54":0,"55":0,"56":0,"58":0,"59":0,"62":0,"65":1,"66":0,"72":1,"73":0,"74":0,"76":0,"77":0,"78":0,"79":0,"80":0,"82":0,"83":0,"86":0,"89":1,"90":0,"96":1,"97":0,"103":1,"104":0,"110":1,"111":0,"112":0,"114":0,"115":0,"116":0,"117":0,"118":0,"120":0,"121":0,"124":0,"127":1,"128":0,"134":1,"135":0,"136":0,"138":0,"139":0,"140":0,"141":0,"142":0,"144":0,"145":0,"148":0,"151":1,"152":0,"158":1,"159":0,"165":1,"166":0,"167":0,"169":0,"170":0,"171":0,"172":0,"173":0,"175":0,"176":0,"179":0}},"/home/travis/build/npmtest/node-npmtest-jhipster-uml/node_modules/jhipster-uml/lib/utils/jhipster-uml_utils.js":{"path":"/home/travis/build/npmtest/node-npmtest-jhipster-uml/node_modules/jhipster-uml/lib/utils/jhipster-uml_utils.js","s":{"1":1,"2":1,"3":1,"4":0,"5":0,"6":0,"7":0},"b":{},"f":{"1":0},"fnMap":{"1":{"name":"isJumlFilePresent","line":9,"loc":{"start":{"line":9,"column":0},"end":{"line":9,"column":29}}}},"statementMap":{"1":{"start":{"line":3,"column":0},"end":{"line":3,"column":25}},"2":{"start":{"line":5,"column":0},"end":{"line":7,"column":2}},"3":{"start":{"line":9,"column":0},"end":{"line":16,"column":1}},"4":{"start":{"line":10,"column":2},"end":{"line":15,"column":3}},"5":{"start":{"line":11,"column":4},"end":{"line":11,"column":34}},"6":{"start":{"line":12,"column":4},"end":{"line":12,"column":16}},"7":{"start":{"line":14,"column":4},"end":{"line":14,"column":17}}},"branchMap":{},"code":["'use strict';","","const fs = require('fs');","","module.exports = {","  isJumlFilePresent: isJumlFilePresent","};","","function isJumlFilePresent() {","  try {","    fs.statSync('.juml').isFile();","    return true;","  } catch (error) {","    return false;","  }","}",""],"l":{"3":1,"5":1,"9":1,"10":0,"11":0,"12":0,"14":0}},"/home/travis/build/npmtest/node-npmtest-jhipster-uml/node_modules/jhipster-uml/lib/helpers/object_helper.js":{"path":"/home/travis/build/npmtest/node-npmtest-jhipster-uml/node_modules/jhipster-uml/lib/helpers/object_helper.js","s":{"1":1,"2":1,"3":1,"4":0,"5":0,"6":0,"7":1,"8":0,"9":0,"10":0,"11":1,"12":0,"13":0,"14":0,"15":1,"16":0},"b":{"1":[0,0],"2":[0,0],"3":[0,0,0],"4":[0,0],"5":[0,0],"6":[0,0,0,0,0,0,0]},"f":{"1":0,"2":0,"3":0,"4":0},"fnMap":{"1":{"name":"areJHipsterEntitiesEqual","line":11,"loc":{"start":{"line":11,"column":0},"end":{"line":11,"column":61}}},"2":{"name":"areFieldsEqual","line":20,"loc":{"start":{"line":20,"column":0},"end":{"line":20,"column":51}}},"3":{"name":"areRelationshipsEqual","line":27,"loc":{"start":{"line":27,"column":0},"end":{"line":27,"column":72}}},"4":{"name":"areOptionsEqual","line":34,"loc":{"start":{"line":34,"column":0},"end":{"line":34,"column":52}}}},"statementMap":{"1":{"start":{"line":3,"column":0},"end":{"line":5,"column":71}},"2":{"start":{"line":7,"column":0},"end":{"line":9,"column":2}},"3":{"start":{"line":11,"column":0},"end":{"line":18,"column":1}},"4":{"start":{"line":12,"column":2},"end":{"line":14,"column":3}},"5":{"start":{"line":13,"column":4},"end":{"line":13,"column":93}},"6":{"start":{"line":15,"column":2},"end":{"line":17,"column":52}},"7":{"start":{"line":20,"column":0},"end":{"line":25,"column":1}},"8":{"start":{"line":21,"column":2},"end":{"line":23,"column":3}},"9":{"start":{"line":22,"column":4},"end":{"line":22,"column":17}},"10":{"start":{"line":24,"column":2},"end":{"line":24,"column":46}},"11":{"start":{"line":27,"column":0},"end":{"line":32,"column":1}},"12":{"start":{"line":28,"column":2},"end":{"line":30,"column":3}},"13":{"start":{"line":29,"column":4},"end":{"line":29,"column":17}},"14":{"start":{"line":31,"column":2},"end":{"line":31,"column":60}},"15":{"start":{"line":34,"column":0},"end":{"line":42,"column":1}},"16":{"start":{"line":35,"column":2},"end":{"line":41,"column":66}}},"branchMap":{"1":{"line":12,"type":"if","locations":[{"start":{"line":12,"column":2},"end":{"line":12,"column":2}},{"start":{"line":12,"column":2},"end":{"line":12,"column":2}}]},"2":{"line":12,"type":"binary-expr","locations":[{"start":{"line":12,"column":6},"end":{"line":12,"column":18}},{"start":{"line":12,"column":22},"end":{"line":12,"column":35}}]},"3":{"line":15,"type":"binary-expr","locations":[{"start":{"line":15,"column":9},"end":{"line":15,"column":64}},{"start":{"line":16,"column":9},"end":{"line":16,"column":85}},{"start":{"line":17,"column":9},"end":{"line":17,"column":51}}]},"4":{"line":21,"type":"if","locations":[{"start":{"line":21,"column":2},"end":{"line":21,"column":2}},{"start":{"line":21,"column":2},"end":{"line":21,"column":2}}]},"5":{"line":28,"type":"if","locations":[{"start":{"line":28,"column":2},"end":{"line":28,"column":2}},{"start":{"line":28,"column":2},"end":{"line":28,"column":2}}]},"6":{"line":35,"type":"binary-expr","locations":[{"start":{"line":35,"column":9},"end":{"line":35,"column":69}},{"start":{"line":36,"column":9},"end":{"line":36,"column":45}},{"start":{"line":37,"column":9},"end":{"line":37,"column":59}},{"start":{"line":38,"column":9},"end":{"line":38,"column":53}},{"start":{"line":39,"column":9},"end":{"line":39,"column":71}},{"start":{"line":40,"column":9},"end":{"line":40,"column":63}},{"start":{"line":41,"column":9},"end":{"line":41,"column":65}}]}},"code":["'use strict';","","const _ = require('lodash'),","    buildException = require('../exceptions/exception_factory').buildException,","    exceptions = require('../exceptions/exception_factory').exceptions;","","module.exports = {","  areJHipsterEntitiesEqual: areJHipsterEntitiesEqual","};","","function areJHipsterEntitiesEqual(firstEntity, secondEntity) {","  if (!firstEntity || !secondEntity) {","    throw new buildException(exceptions.NullPointer, \"The objects to compare can't be nil.\");","  }","  return areFieldsEqual(firstEntity.fields, secondEntity.fields)","      && areRelationshipsEqual(firstEntity.relationships, secondEntity.relationships)","      && areOptionsEqual(firstEntity, secondEntity);","}","","function areFieldsEqual(firstFields, secondFields) {","  if (firstFields.length !== secondFields.length) {","    return false;","  }","  return _.isEqual(firstFields, secondFields);","}","","function areRelationshipsEqual(firstRelationships, secondRelationships) {","  if (firstRelationships.length !== secondRelationships.length) {","    return false;","  }","  return _.isEqual(firstRelationships, secondRelationships);","}","","function areOptionsEqual(firstEntity, secondEntity) {","  return firstEntity.entityTableName === secondEntity.entityTableName","      && firstEntity.dto === secondEntity.dto","      && firstEntity.pagination === secondEntity.pagination","      && firstEntity.service === secondEntity.service","      && firstEntity.microserviceName === secondEntity.microserviceName","      && firstEntity.searchEngine === secondEntity.searchEngine","      && firstEntity.fluentMethods === secondEntity.fluentMethods;","}",""],"l":{"3":1,"7":1,"11":1,"12":0,"13":0,"15":0,"20":1,"21":0,"22":0,"24":0,"27":1,"28":0,"29":0,"31":0,"34":1,"35":0}},"/home/travis/build/npmtest/node-npmtest-jhipster-uml/node_modules/jhipster-uml/lib/export/json_exporter.js":{"path":"/home/travis/build/npmtest/node-npmtest-jhipster-uml/node_modules/jhipster-uml/lib/export/json_exporter.js","s":{"1":1,"2":1,"3":1,"4":0,"5":0,"6":0,"7":0,"8":0,"9":0,"10":0,"11":0,"12":1,"13":0,"14":0,"15":0,"16":0},"b":{"1":[0,0],"2":[0,0,0],"3":[0,0],"4":[0,0]},"f":{"1":0,"2":0},"fnMap":{"1":{"name":"exportToJSON","line":11,"loc":{"start":{"line":11,"column":0},"end":{"line":11,"column":88}}},"2":{"name":"createJHipsterJSONFolder","line":27,"loc":{"start":{"line":27,"column":0},"end":{"line":27,"column":36}}}},"statementMap":{"1":{"start":{"line":3,"column":0},"end":{"line":5,"column":71}},"2":{"start":{"line":7,"column":0},"end":{"line":9,"column":2}},"3":{"start":{"line":11,"column":0},"end":{"line":25,"column":1}},"4":{"start":{"line":12,"column":2},"end":{"line":16,"column":3}},"5":{"start":{"line":13,"column":4},"end":{"line":15,"column":54}},"6":{"start":{"line":17,"column":2},"end":{"line":17,"column":29}},"7":{"start":{"line":18,"column":2},"end":{"line":24,"column":3}},"8":{"start":{"line":19,"column":4},"end":{"line":21,"column":5}},"9":{"start":{"line":20,"column":6},"end":{"line":20,"column":15}},"10":{"start":{"line":22,"column":4},"end":{"line":22,"column":74}},"11":{"start":{"line":23,"column":4},"end":{"line":23,"column":79}},"12":{"start":{"line":27,"column":0},"end":{"line":35,"column":1}},"13":{"start":{"line":28,"column":2},"end":{"line":34,"column":3}},"14":{"start":{"line":29,"column":4},"end":{"line":31,"column":5}},"15":{"start":{"line":30,"column":6},"end":{"line":30,"column":32}},"16":{"start":{"line":33,"column":4},"end":{"line":33,"column":30}}},"branchMap":{"1":{"line":12,"type":"if","locations":[{"start":{"line":12,"column":2},"end":{"line":12,"column":2}},{"start":{"line":12,"column":2},"end":{"line":12,"column":2}}]},"2":{"line":12,"type":"binary-expr","locations":[{"start":{"line":12,"column":6},"end":{"line":12,"column":15}},{"start":{"line":12,"column":19},"end":{"line":12,"column":40}},{"start":{"line":12,"column":44},"end":{"line":12,"column":55}}]},"3":{"line":19,"type":"if","locations":[{"start":{"line":19,"column":4},"end":{"line":19,"column":4}},{"start":{"line":19,"column":4},"end":{"line":19,"column":4}}]},"4":{"line":29,"type":"if","locations":[{"start":{"line":29,"column":4},"end":{"line":29,"column":4}},{"start":{"line":29,"column":4},"end":{"line":29,"column":4}}]}},"code":["'use strict';","","const fs = require('fs'),","    buildException = require('../exceptions/exception_factory').buildException,","    exceptions = require('../exceptions/exception_factory').exceptions;","","module.exports = {","  exportToJSON: exportToJSON","};","","function exportToJSON(entities, entityIdsToGenerate, parsedData, entityNamesToGenerate) {","  if (!entities || ! entityIdsToGenerate || !parsedData) {","    throw new buildException(","        exceptions.NullPointer,","        'Entities have to be passed to be exported.');","  }","  createJHipsterJSONFolder();","  for (let i = 0, entityIds = Object.keys(entities); i < entityIds.length; i++) {","    if (entityNamesToGenerate.indexOf(parsedData.getClass(entityIds[i]).name) === -1) {","      continue;","    }","    let file = `.jhipster/${parsedData.getClass(entityIds[i]).name}.json`;","    fs.writeFileSync(file, JSON.stringify(entities[entityIds[i]], null, '  '));","  }","}","","function createJHipsterJSONFolder() {","  try {","    if (!fs.statSync('./.jhipster').isDirectory()) {","      fs.mkdirSync('.jhipster');","    }","  } catch (error) {","    fs.mkdirSync('.jhipster');","  }","}",""],"l":{"3":1,"7":1,"11":1,"12":0,"13":0,"17":0,"18":0,"19":0,"20":0,"22":0,"23":0,"27":1,"28":0,"29":0,"30":0,"33":0}},"/home/travis/build/npmtest/node-npmtest-jhipster-uml/node_modules/jhipster-uml/lib/jhipsteruml/entities_to_generate_handler.js":{"path":"/home/travis/build/npmtest/node-npmtest-jhipster-uml/node_modules/jhipster-uml/lib/jhipsteruml/entities_to_generate_handler.js","s":{"1":1,"2":1,"3":1,"4":0,"5":0,"6":0,"7":0,"8":0,"9":1,"10":0,"11":0,"12":0,"13":0,"14":0,"15":0},"b":{"1":[0,0],"2":[0,0],"3":[0,0],"4":[0,0]},"f":{"1":0,"2":0},"fnMap":{"1":{"name":"getEntitiesToGenerate","line":10,"loc":{"start":{"line":10,"column":0},"end":{"line":10,"column":44}}},"2":{"name":"getChoices","line":24,"loc":{"start":{"line":24,"column":0},"end":{"line":24,"column":33}}}},"statementMap":{"1":{"start":{"line":3,"column":0},"end":{"line":4,"column":75}},"2":{"start":{"line":6,"column":0},"end":{"line":8,"column":2}},"3":{"start":{"line":10,"column":0},"end":{"line":22,"column":1}},"4":{"start":{"line":11,"column":2},"end":{"line":11,"column":126}},"5":{"start":{"line":12,"column":2},"end":{"line":16,"column":3}},"6":{"start":{"line":13,"column":4},"end":{"line":15,"column":11}},"7":{"start":{"line":17,"column":2},"end":{"line":17,"column":40}},"8":{"start":{"line":18,"column":2},"end":{"line":21,"column":5}},"9":{"start":{"line":24,"column":0},"end":{"line":33,"column":1}},"10":{"start":{"line":25,"column":2},"end":{"line":27,"column":3}},"11":{"start":{"line":26,"column":4},"end":{"line":26,"column":23}},"12":{"start":{"line":28,"column":2},"end":{"line":28,"column":23}},"13":{"start":{"line":29,"column":2},"end":{"line":31,"column":3}},"14":{"start":{"line":30,"column":4},"end":{"line":30,"column":37}},"15":{"start":{"line":32,"column":2},"end":{"line":32,"column":21}}},"branchMap":{"1":{"line":11,"type":"cond-expr","locations":[{"start":{"line":11,"column":58},"end":{"line":11,"column":69}},{"start":{"line":11,"column":72},"end":{"line":11,"column":86}}]},"2":{"line":12,"type":"if","locations":[{"start":{"line":12,"column":2},"end":{"line":12,"column":2}},{"start":{"line":12,"column":2},"end":{"line":12,"column":2}}]},"3":{"line":13,"type":"cond-expr","locations":[{"start":{"line":14,"column":8},"end":{"line":14,"column":19}},{"start":{"line":15,"column":8},"end":{"line":15,"column":10}}]},"4":{"line":25,"type":"if","locations":[{"start":{"line":25,"column":2},"end":{"line":25,"column":2}},{"start":{"line":25,"column":2},"end":{"line":25,"column":2}}]}},"code":["'use strict';","","const selectMultipleChoices = require('../helpers/question_asker').selectMultipleChoices,","    askConfirmation = require('../helpers/question_asker').askConfirmation;","","module.exports = {","  getEntitiesToGenerate: getEntitiesToGenerate","};","","function getEntitiesToGenerate(entityNames) {","  console.log(`The following ${entityNames.length === 1 ? 'class has' : 'classes have'} changed: ${entityNames.join(', ')}.`);","  if (entityNames.length === 1) {","    return askConfirmation({question: `Generate ${entityNames[0]}?`, defaultValue: true})","      ? entityNames","      : [];","  }","  var choices = getChoices(entityNames);","  return selectMultipleChoices({","    choices: choices,","    question: 'Select the entities to override.'","  });","}","","function getChoices(entityNames) {","  if (entityNames.length === 1) {","    return entityNames;","  }","  var choiceArray = [];","  for (let i = 0; i < entityNames.length; i++) {","    choiceArray.push(entityNames[i]);","  }","  return choiceArray;","}",""],"l":{"3":1,"6":1,"10":1,"11":0,"12":0,"13":0,"17":0,"18":0,"24":1,"25":0,"26":0,"28":0,"29":0,"30":0,"32":0}},"/home/travis/build/npmtest/node-npmtest-jhipster-uml/node_modules/jhipster-uml/lib/export/file_writer.js":{"path":"/home/travis/build/npmtest/node-npmtest-jhipster-uml/node_modules/jhipster-uml/lib/export/file_writer.js","s":{"1":1,"2":1,"3":1,"4":0},"b":{},"f":{"1":0},"fnMap":{"1":{"name":"writeFile","line":15,"loc":{"start":{"line":15,"column":0},"end":{"line":15,"column":25}}}},"statementMap":{"1":{"start":{"line":3,"column":0},"end":{"line":3,"column":25}},"2":{"start":{"line":5,"column":0},"end":{"line":13,"column":2}},"3":{"start":{"line":15,"column":0},"end":{"line":17,"column":1}},"4":{"start":{"line":16,"column":2},"end":{"line":16,"column":60}}},"branchMap":{},"code":["'use strict';","","const fs = require('fs');","","module.exports = {","  /**","   * args: {","   *   fileName: string,","   *   content: string","   * }","   */","  writeFile: writeFile","};","","function writeFile(args) {","  fs.writeFileSync(args.fileName, args.content, null, '  ');","}",""],"l":{"3":1,"5":1,"15":1,"16":0}},"/home/travis/build/npmtest/node-npmtest-jhipster-uml/node_modules/jhipster-uml/lib/helpers/class_helper.js":{"path":"/home/travis/build/npmtest/node-npmtest-jhipster-uml/node_modules/jhipster-uml/lib/helpers/class_helper.js","s":{"1":1,"2":1,"3":1,"4":0,"5":0,"6":0,"7":0,"8":0,"9":0},"b":{"1":[0,0]},"f":{"1":0,"2":0},"fnMap":{"1":{"name":"getClassNames","line":16,"loc":{"start":{"line":16,"column":0},"end":{"line":16,"column":33}}},"2":{"name":"(anonymous_2)","line":22,"loc":{"start":{"line":22,"column":31},"end":{"line":22,"column":50}}}},"statementMap":{"1":{"start":{"line":3,"column":0},"end":{"line":4,"column":71}},"2":{"start":{"line":6,"column":0},"end":{"line":8,"column":2}},"3":{"start":{"line":16,"column":0},"end":{"line":26,"column":1}},"4":{"start":{"line":17,"column":2},"end":{"line":20,"column":3}},"5":{"start":{"line":18,"column":4},"end":{"line":19,"column":69}},"6":{"start":{"line":21,"column":2},"end":{"line":21,"column":18}},"7":{"start":{"line":22,"column":2},"end":{"line":24,"column":5}},"8":{"start":{"line":23,"column":4},"end":{"line":23,"column":44}},"9":{"start":{"line":25,"column":2},"end":{"line":25,"column":16}}},"branchMap":{"1":{"line":17,"type":"if","locations":[{"start":{"line":17,"column":2},"end":{"line":17,"column":2}},{"start":{"line":17,"column":2},"end":{"line":17,"column":2}}]}},"code":["'use strict';","","const buildException = require('../exceptions/exception_factory').buildException,","    exceptions = require('../exceptions/exception_factory').exceptions;","","module.exports = {","  getClassNames: getClassNames","};","","/**"," * Gets the class' names."," * @param classes the classes"," * @returns {Object} an object containing all the class' names by their id."," * @throws {NullPointerException} if the passed object is nil."," */","function getClassNames (classes) {","  if (!classes) {","    throw new buildException(","        exceptions.NullPointer, 'The classes object cannot be nil.');","  }","  var object = {};","  Object.keys(classes).forEach(function (classId) {","    object[classId] = classes[classId].name;","  });","  return object;","}",""],"l":{"3":1,"6":1,"16":1,"17":0,"18":0,"21":0,"22":0,"23":0,"25":0}}}